2025-07-02 04:52:04,527 [INFO] [MainThread] [root/log.py:59]: YASB v1.7.6
2025-07-02 04:52:04,527 [INFO] [Thread-1 (_run_server)] [cli_server/cli_server.py:212]: CLI server started v1.1.2
2025-07-02 04:52:04,527 [INFO] [MainThread] [cli_server/cli_server.py:104]: Log pipe server started
2025-07-02 04:52:04,560 [INFO] [MainThread] [root/config.py:64]: Created default config file at C:\Users\razva\.config\yasb\config.yaml
2025-07-02 04:52:04,593 [INFO] [MainThread] [root/config.py:78]: Created default stylesheet at C:\Users\razva\.config\yasb\styles.css
2025-07-02 04:54:11,677 [DEBUG] [MainThread] [tzlocal/win32.py:55]: Looking up time zone info from registry
2025-07-02 04:54:13,607 [ERROR] [MainThread] [root/weather.py:168]: API key or location is missing. Please provide a valid API key and location.
2025-07-02 04:54:13,639 [DEBUG] [MainThread] [comtypes/__init__.py:149]: CoInitializeEx(None, 2)
2025-07-02 04:54:15,724 [ERROR] [MainThread] [root/weather.py:168]: API key or location is missing. Please provide a valid API key and location.
2025-07-02 04:54:17,040 [INFO] [MainThread] [root/bar_manager.py:70]: Starting KomorebiEventListener...
2025-07-02 04:54:17,041 [INFO] [MainThread] [root/bar_manager.py:70]: Starting SystemEventListener...
2025-07-02 04:54:17,041 [INFO] [MainThread] [root/bar_manager.py:70]: Starting WindowsNotificationEventListener...
2025-07-02 04:54:17,042 [INFO] [MainThread] [root/watcher.py:54]: Created file watcher for path C:\Users\razva\.config\yasb
2025-07-02 04:54:17,356 [INFO] [Dummy-5] [root/event_listener.py:51]: Created named pipe yasb-7648f8f2-56e7-11f0-b627-04d9f560d6c1
2025-07-02 04:54:17,401 [DEBUG] [MainThread] [qasync._windows._EventPoller/_windows.py:213]: Starting (proactor: <_IocpProactor overlapped#=0 result#=0>)...
2025-07-02 04:54:17,403 [DEBUG] [Dummy-8] [qasync._windows._EventWorker/_windows.py:192]: Thread started
2025-07-02 04:54:22,236 [INFO] [MainThread] [root/controller.py:29]: Exiting Application from tray...
2025-07-02 04:54:22,336 [INFO] [MainThread] [cli_server/cli_server.py:112]: Log pipe server stopped
2025-07-02 04:54:22,336 [DEBUG] [MainThread] [cli_server/cli_server.py:206]: CLI server stopped
2025-07-02 04:54:22,336 [DEBUG] [MainThread] [qasync._windows._EventPoller/_windows.py:218]: Stopping worker thread...
2025-07-02 04:54:22,340 [DEBUG] [Dummy-8] [qasync._windows._EventWorker/_windows.py:201]: Exiting thread
2025-07-02 04:54:22,340 [DEBUG] [MainThread] [qasync._windows._IocpProactor/_windows.py:75]: Closing
2025-07-02 04:56:41,752 [INFO] [MainThread] [root/log.py:59]: YASB v1.7.6
2025-07-02 04:56:41,753 [INFO] [Thread-1 (_run_server)] [cli_server/cli_server.py:212]: CLI server started v1.1.2
2025-07-02 04:56:41,753 [INFO] [MainThread] [cli_server/cli_server.py:104]: Log pipe server started
2025-07-02 04:56:42,246 [DEBUG] [MainThread] [tzlocal/win32.py:55]: Looking up time zone info from registry
2025-07-02 04:56:42,957 [ERROR] [MainThread] [root/weather.py:168]: API key or location is missing. Please provide a valid API key and location.
2025-07-02 04:56:42,968 [DEBUG] [MainThread] [comtypes/__init__.py:149]: CoInitializeEx(None, 2)
2025-07-02 04:56:43,633 [ERROR] [MainThread] [root/weather.py:168]: API key or location is missing. Please provide a valid API key and location.
2025-07-02 04:56:43,802 [INFO] [MainThread] [root/bar_manager.py:70]: Starting WindowsNotificationEventListener...
2025-07-02 04:56:43,803 [INFO] [MainThread] [root/bar_manager.py:70]: Starting SystemEventListener...
2025-07-02 04:56:43,803 [INFO] [MainThread] [root/bar_manager.py:70]: Starting KomorebiEventListener...
2025-07-02 04:56:43,804 [INFO] [MainThread] [root/watcher.py:54]: Created file watcher for path C:\Users\razva\.config\yasb
2025-07-02 04:56:43,908 [INFO] [Dummy-5] [root/event_listener.py:51]: Created named pipe yasb-cdc33b6b-56e7-11f0-93d2-04d9f560d6c1
2025-07-02 04:56:43,974 [DEBUG] [MainThread] [qasync._windows._EventPoller/_windows.py:213]: Starting (proactor: <_IocpProactor overlapped#=0 result#=0>)...
2025-07-02 04:56:43,977 [DEBUG] [Dummy-8] [qasync._windows._EventWorker/_windows.py:192]: Thread started
2025-07-02 05:08:54,191 [INFO] [Thread-1 (_run_server)] [cli_server/cli_server.py:253]: CLI server received command: stop
2025-07-02 05:08:54,192 [INFO] [Thread-1 (_run_server)] [root/controller.py:29]: Exiting Application from CLI...
2025-07-02 05:08:54,292 [INFO] [Thread-1 (_run_server)] [cli_server/cli_server.py:112]: Log pipe server stopped
2025-07-02 05:08:54,292 [DEBUG] [Thread-1 (_run_server)] [cli_server/cli_server.py:206]: CLI server stopped
2025-07-02 05:08:54,292 [DEBUG] [MainThread] [qasync._windows._EventPoller/_windows.py:218]: Stopping worker thread...
2025-07-02 05:08:54,296 [DEBUG] [Dummy-8] [qasync._windows._EventWorker/_windows.py:201]: Exiting thread
2025-07-02 05:08:54,296 [DEBUG] [MainThread] [qasync._windows._IocpProactor/_windows.py:75]: Closing
2025-07-02 05:08:54,941 [INFO] [MainThread] [root/log.py:59]: YASB v1.7.6
2025-07-02 05:08:54,941 [INFO] [Thread-1 (_run_server)] [cli_server/cli_server.py:212]: CLI server started v1.1.2
2025-07-02 05:08:54,941 [INFO] [MainThread] [cli_server/cli_server.py:104]: Log pipe server started
2025-07-02 05:08:58,189 [DEBUG] [MainThread] [tzlocal/win32.py:55]: Looking up time zone info from registry
2025-07-02 05:08:58,270 [DEBUG] [MainThread] [comtypes/__init__.py:149]: CoInitializeEx(None, 2)
2025-07-02 05:08:59,707 [INFO] [MainThread] [root/bar_manager.py:70]: Starting SystemEventListener...
2025-07-02 05:08:59,708 [INFO] [MainThread] [root/watcher.py:54]: Created file watcher for path C:\Users\razva\.config\yasb
2025-07-02 05:08:59,837 [DEBUG] [MainThread] [qasync._windows._EventPoller/_windows.py:213]: Starting (proactor: <_IocpProactor overlapped#=0 result#=0>)...
2025-07-02 05:08:59,839 [DEBUG] [Dummy-8] [qasync._windows._EventWorker/_windows.py:192]: Thread started
2025-07-02 05:09:00,159 [ERROR] [MainThread] [root/weather.py:77]: Weather response error: ContentAccessDenied 201.
2025-07-02 05:09:00,159 [WARNING] [MainThread] [root/weather.py:544]: Error processing weather data: Weather data is empty.. Retrying fetch in 10 seconds.
2025-07-02 05:09:00,160 [WARNING] [MainThread] [root/weather.py:544]: Error processing weather data: Weather data is empty.. Retrying fetch in 10 seconds.
2025-07-02 05:09:00,279 [ERROR] [Dummy-4] [root/update_check.py:186]: Error in winget worker: Command '['winget', 'upgrade']' returned non-zero exit status 2316632130.
2025-07-02 05:09:10,206 [ERROR] [MainThread] [root/weather.py:77]: Weather response error: ContentAccessDenied 201.
2025-07-02 05:09:10,206 [WARNING] [MainThread] [root/weather.py:544]: Error processing weather data: Weather data is empty.. Retrying fetch in 10 seconds.
2025-07-02 05:09:10,207 [WARNING] [MainThread] [root/weather.py:544]: Error processing weather data: Weather data is empty.. Retrying fetch in 10 seconds.
2025-07-02 05:09:14,340 [ERROR] [MainThread] [root/weather.py:77]: Weather response error: ContentAccessDenied 201.
2025-07-02 05:09:20,250 [ERROR] [MainThread] [root/weather.py:77]: Weather response error: ContentAccessDenied 201.
2025-07-02 05:09:20,251 [WARNING] [MainThread] [root/weather.py:544]: Error processing weather data: Weather data is empty.. Retrying fetch in 10 seconds.
2025-07-02 05:09:20,251 [WARNING] [MainThread] [root/weather.py:544]: Error processing weather data: Weather data is empty.. Retrying fetch in 10 seconds.
2025-07-02 05:09:20,263 [ERROR] [MainThread] [root/weather.py:77]: Weather response error: ContentAccessDenied 201.
2025-07-02 05:09:30,320 [ERROR] [MainThread] [root/weather.py:77]: Weather response error: ContentAccessDenied 201.
2025-07-02 05:09:30,320 [WARNING] [MainThread] [root/weather.py:544]: Error processing weather data: Weather data is empty.. Retrying fetch in 10 seconds.
2025-07-02 05:09:30,321 [WARNING] [MainThread] [root/weather.py:544]: Error processing weather data: Weather data is empty.. Retrying fetch in 10 seconds.
2025-07-02 05:09:30,334 [ERROR] [MainThread] [root/weather.py:77]: Weather response error: ContentAccessDenied 201.
2025-07-02 05:09:33,321 [WARNING] [MainThread] [root/weather.py:126]: Failed to fetch icon N/A: ProtocolUnknownError 301
2025-07-02 05:09:33,322 [WARNING] [MainThread] [root/weather.py:126]: Failed to fetch icon N/A: ProtocolUnknownError 301
2025-07-02 05:09:33,322 [WARNING] [MainThread] [root/weather.py:126]: Failed to fetch icon N/A: ProtocolUnknownError 301
2025-07-02 05:09:40,358 [ERROR] [MainThread] [root/weather.py:77]: Weather response error: ContentAccessDenied 201.
2025-07-02 05:09:40,359 [WARNING] [MainThread] [root/weather.py:544]: Error processing weather data: Weather data is empty.. Retrying fetch in 10 seconds.
2025-07-02 05:09:40,359 [WARNING] [MainThread] [root/weather.py:544]: Error processing weather data: Weather data is empty.. Retrying fetch in 10 seconds.
2025-07-02 05:09:40,368 [ERROR] [MainThread] [root/weather.py:77]: Weather response error: ContentAccessDenied 201.
2025-07-02 05:09:50,412 [ERROR] [MainThread] [root/weather.py:77]: Weather response error: ContentAccessDenied 201.
2025-07-02 05:09:50,412 [WARNING] [MainThread] [root/weather.py:544]: Error processing weather data: Weather data is empty.. Retrying fetch in 10 seconds.
2025-07-02 05:09:50,413 [WARNING] [MainThread] [root/weather.py:544]: Error processing weather data: Weather data is empty.. Retrying fetch in 10 seconds.
2025-07-02 05:09:50,413 [ERROR] [MainThread] [root/weather.py:77]: Weather response error: ContentAccessDenied 201.
2025-07-02 05:10:00,451 [ERROR] [MainThread] [root/weather.py:77]: Weather response error: ContentAccessDenied 201.
2025-07-02 05:10:00,451 [WARNING] [MainThread] [root/weather.py:544]: Error processing weather data: Weather data is empty.. Retrying fetch in 10 seconds.
2025-07-02 05:10:00,452 [WARNING] [MainThread] [root/weather.py:544]: Error processing weather data: Weather data is empty.. Retrying fetch in 10 seconds.
2025-07-02 05:10:00,454 [ERROR] [MainThread] [root/weather.py:77]: Weather response error: ContentAccessDenied 201.
2025-07-02 05:10:10,498 [ERROR] [MainThread] [root/weather.py:77]: Weather response error: ContentAccessDenied 201.
2025-07-02 05:10:10,498 [WARNING] [MainThread] [root/weather.py:544]: Error processing weather data: Weather data is empty.. Retrying fetch in 10 seconds.
2025-07-02 05:10:10,499 [WARNING] [MainThread] [root/weather.py:544]: Error processing weather data: Weather data is empty.. Retrying fetch in 10 seconds.
2025-07-02 05:10:10,501 [ERROR] [MainThread] [root/weather.py:77]: Weather response error: ContentAccessDenied 201.
2025-07-02 05:10:20,546 [ERROR] [MainThread] [root/weather.py:77]: Weather response error: ContentAccessDenied 201.
2025-07-02 05:10:20,546 [WARNING] [MainThread] [root/weather.py:544]: Error processing weather data: Weather data is empty.. Retrying fetch in 10 seconds.
2025-07-02 05:10:20,546 [WARNING] [MainThread] [root/weather.py:544]: Error processing weather data: Weather data is empty.. Retrying fetch in 10 seconds.
2025-07-02 05:10:20,558 [ERROR] [MainThread] [root/weather.py:77]: Weather response error: ContentAccessDenied 201.
2025-07-02 05:10:30,602 [ERROR] [MainThread] [root/weather.py:77]: Weather response error: ContentAccessDenied 201.
2025-07-02 05:10:30,603 [WARNING] [MainThread] [root/weather.py:544]: Error processing weather data: Weather data is empty.. Retrying fetch in 10 seconds.
2025-07-02 05:10:30,603 [WARNING] [MainThread] [root/weather.py:544]: Error processing weather data: Weather data is empty.. Retrying fetch in 10 seconds.
2025-07-02 05:10:30,615 [ERROR] [MainThread] [root/weather.py:77]: Weather response error: ContentAccessDenied 201.
2025-07-02 05:10:40,659 [ERROR] [MainThread] [root/weather.py:77]: Weather response error: ContentAccessDenied 201.
2025-07-02 05:10:40,659 [WARNING] [MainThread] [root/weather.py:544]: Error processing weather data: Weather data is empty.. Retrying fetch in 10 seconds.
2025-07-02 05:10:40,660 [WARNING] [MainThread] [root/weather.py:544]: Error processing weather data: Weather data is empty.. Retrying fetch in 10 seconds.
2025-07-02 05:10:40,671 [ERROR] [MainThread] [root/weather.py:77]: Weather response error: ContentAccessDenied 201.
2025-07-02 05:10:50,700 [ERROR] [MainThread] [root/weather.py:77]: Weather response error: ContentAccessDenied 201.
2025-07-02 05:10:50,700 [WARNING] [MainThread] [root/weather.py:544]: Error processing weather data: Weather data is empty.. Retrying fetch in 10 seconds.
2025-07-02 05:10:50,701 [WARNING] [MainThread] [root/weather.py:544]: Error processing weather data: Weather data is empty.. Retrying fetch in 10 seconds.
2025-07-02 05:10:50,714 [ERROR] [MainThread] [root/weather.py:77]: Weather response error: ContentAccessDenied 201.
2025-07-02 05:11:00,748 [ERROR] [MainThread] [root/weather.py:77]: Weather response error: ContentAccessDenied 201.
2025-07-02 05:11:00,749 [WARNING] [MainThread] [root/weather.py:544]: Error processing weather data: Weather data is empty.. Retrying fetch in 10 seconds.
2025-07-02 05:11:00,749 [WARNING] [MainThread] [root/weather.py:544]: Error processing weather data: Weather data is empty.. Retrying fetch in 10 seconds.
2025-07-02 05:11:00,763 [ERROR] [MainThread] [root/weather.py:77]: Weather response error: ContentAccessDenied 201.
2025-07-02 05:11:10,803 [ERROR] [MainThread] [root/weather.py:77]: Weather response error: ContentAccessDenied 201.
2025-07-02 05:11:10,803 [WARNING] [MainThread] [root/weather.py:544]: Error processing weather data: Weather data is empty.. Retrying fetch in 10 seconds.
2025-07-02 05:11:10,804 [WARNING] [MainThread] [root/weather.py:544]: Error processing weather data: Weather data is empty.. Retrying fetch in 10 seconds.
2025-07-02 05:11:10,805 [ERROR] [MainThread] [root/weather.py:77]: Weather response error: ContentAccessDenied 201.
2025-07-02 05:11:20,840 [ERROR] [MainThread] [root/weather.py:77]: Weather response error: ContentAccessDenied 201.
2025-07-02 05:11:20,840 [WARNING] [MainThread] [root/weather.py:544]: Error processing weather data: Weather data is empty.. Retrying fetch in 10 seconds.
2025-07-02 05:11:20,841 [WARNING] [MainThread] [root/weather.py:544]: Error processing weather data: Weather data is empty.. Retrying fetch in 10 seconds.
2025-07-02 05:11:20,853 [ERROR] [MainThread] [root/weather.py:77]: Weather response error: ContentAccessDenied 201.
2025-07-02 05:11:30,891 [ERROR] [MainThread] [root/weather.py:77]: Weather response error: ContentAccessDenied 201.
2025-07-02 05:11:30,892 [WARNING] [MainThread] [root/weather.py:544]: Error processing weather data: Weather data is empty.. Retrying fetch in 10 seconds.
2025-07-02 05:11:30,892 [WARNING] [MainThread] [root/weather.py:544]: Error processing weather data: Weather data is empty.. Retrying fetch in 10 seconds.
2025-07-02 05:11:30,895 [ERROR] [MainThread] [root/weather.py:77]: Weather response error: ContentAccessDenied 201.
2025-07-02 05:11:40,937 [ERROR] [MainThread] [root/weather.py:77]: Weather response error: ContentAccessDenied 201.
2025-07-02 05:11:40,937 [WARNING] [MainThread] [root/weather.py:544]: Error processing weather data: Weather data is empty.. Retrying fetch in 10 seconds.
2025-07-02 05:11:40,938 [WARNING] [MainThread] [root/weather.py:544]: Error processing weather data: Weather data is empty.. Retrying fetch in 10 seconds.
2025-07-02 05:11:40,938 [ERROR] [MainThread] [root/weather.py:77]: Weather response error: ContentAccessDenied 201.
2025-07-02 05:11:50,988 [ERROR] [MainThread] [root/weather.py:77]: Weather response error: ContentAccessDenied 201.
2025-07-02 05:11:50,988 [WARNING] [MainThread] [root/weather.py:544]: Error processing weather data: Weather data is empty.. Retrying fetch in 10 seconds.
2025-07-02 05:11:50,989 [WARNING] [MainThread] [root/weather.py:544]: Error processing weather data: Weather data is empty.. Retrying fetch in 10 seconds.
2025-07-02 05:11:50,991 [ERROR] [MainThread] [root/weather.py:77]: Weather response error: ContentAccessDenied 201.
2025-07-02 05:12:01,036 [ERROR] [MainThread] [root/weather.py:77]: Weather response error: ContentAccessDenied 201.
2025-07-02 05:12:01,036 [WARNING] [MainThread] [root/weather.py:544]: Error processing weather data: Weather data is empty.. Retrying fetch in 10 seconds.
2025-07-02 05:12:01,037 [WARNING] [MainThread] [root/weather.py:544]: Error processing weather data: Weather data is empty.. Retrying fetch in 10 seconds.
2025-07-02 05:12:01,038 [ERROR] [MainThread] [root/weather.py:77]: Weather response error: ContentAccessDenied 201.
2025-07-02 05:12:11,084 [ERROR] [MainThread] [root/weather.py:77]: Weather response error: ContentAccessDenied 201.
2025-07-02 05:12:11,084 [WARNING] [MainThread] [root/weather.py:544]: Error processing weather data: Weather data is empty.. Retrying fetch in 10 seconds.
2025-07-02 05:12:11,085 [WARNING] [MainThread] [root/weather.py:544]: Error processing weather data: Weather data is empty.. Retrying fetch in 10 seconds.
2025-07-02 05:12:11,087 [ERROR] [MainThread] [root/weather.py:77]: Weather response error: ContentAccessDenied 201.
2025-07-02 05:12:21,123 [ERROR] [MainThread] [root/weather.py:77]: Weather response error: ContentAccessDenied 201.
2025-07-02 05:12:21,124 [WARNING] [MainThread] [root/weather.py:544]: Error processing weather data: Weather data is empty.. Retrying fetch in 10 seconds.
2025-07-02 05:12:21,125 [WARNING] [MainThread] [root/weather.py:544]: Error processing weather data: Weather data is empty.. Retrying fetch in 10 seconds.
2025-07-02 05:12:21,125 [ERROR] [MainThread] [root/weather.py:77]: Weather response error: ContentAccessDenied 201.
2025-07-02 05:12:31,169 [ERROR] [MainThread] [root/weather.py:77]: Weather response error: ContentAccessDenied 201.
2025-07-02 05:12:31,169 [WARNING] [MainThread] [root/weather.py:544]: Error processing weather data: Weather data is empty.. Retrying fetch in 10 seconds.
2025-07-02 05:12:31,170 [WARNING] [MainThread] [root/weather.py:544]: Error processing weather data: Weather data is empty.. Retrying fetch in 10 seconds.
2025-07-02 05:12:31,182 [ERROR] [MainThread] [root/weather.py:77]: Weather response error: ContentAccessDenied 201.
2025-07-02 05:12:41,217 [ERROR] [MainThread] [root/weather.py:77]: Weather response error: ContentAccessDenied 201.
2025-07-02 05:12:41,217 [WARNING] [MainThread] [root/weather.py:544]: Error processing weather data: Weather data is empty.. Retrying fetch in 10 seconds.
2025-07-02 05:12:41,218 [WARNING] [MainThread] [root/weather.py:544]: Error processing weather data: Weather data is empty.. Retrying fetch in 10 seconds.
2025-07-02 05:12:41,219 [ERROR] [MainThread] [root/weather.py:77]: Weather response error: ContentAccessDenied 201.
2025-07-02 05:12:51,266 [ERROR] [MainThread] [root/weather.py:77]: Weather response error: ContentAccessDenied 201.
2025-07-02 05:12:51,266 [WARNING] [MainThread] [root/weather.py:544]: Error processing weather data: Weather data is empty.. Retrying fetch in 10 seconds.
2025-07-02 05:12:51,267 [WARNING] [MainThread] [root/weather.py:544]: Error processing weather data: Weather data is empty.. Retrying fetch in 10 seconds.
2025-07-02 05:12:51,278 [ERROR] [MainThread] [root/weather.py:77]: Weather response error: ContentAccessDenied 201.
2025-07-02 05:13:01,314 [ERROR] [MainThread] [root/weather.py:77]: Weather response error: ContentAccessDenied 201.
2025-07-02 05:13:01,314 [WARNING] [MainThread] [root/weather.py:544]: Error processing weather data: Weather data is empty.. Retrying fetch in 10 seconds.
2025-07-02 05:13:01,315 [WARNING] [MainThread] [root/weather.py:544]: Error processing weather data: Weather data is empty.. Retrying fetch in 10 seconds.
2025-07-02 05:13:01,316 [ERROR] [MainThread] [root/weather.py:77]: Weather response error: ContentAccessDenied 201.
2025-07-02 05:13:11,361 [ERROR] [MainThread] [root/weather.py:77]: Weather response error: ContentAccessDenied 201.
2025-07-02 05:13:11,361 [WARNING] [MainThread] [root/weather.py:544]: Error processing weather data: Weather data is empty.. Retrying fetch in 10 seconds.
2025-07-02 05:13:11,362 [WARNING] [MainThread] [root/weather.py:544]: Error processing weather data: Weather data is empty.. Retrying fetch in 10 seconds.
2025-07-02 05:13:11,370 [ERROR] [MainThread] [root/weather.py:77]: Weather response error: ContentAccessDenied 201.
2025-07-02 05:13:21,405 [ERROR] [MainThread] [root/weather.py:77]: Weather response error: ContentAccessDenied 201.
2025-07-02 05:13:21,405 [WARNING] [MainThread] [root/weather.py:544]: Error processing weather data: Weather data is empty.. Retrying fetch in 10 seconds.
2025-07-02 05:13:21,406 [WARNING] [MainThread] [root/weather.py:544]: Error processing weather data: Weather data is empty.. Retrying fetch in 10 seconds.
2025-07-02 05:13:21,409 [ERROR] [MainThread] [root/weather.py:77]: Weather response error: ContentAccessDenied 201.
2025-07-02 05:13:31,452 [ERROR] [MainThread] [root/weather.py:77]: Weather response error: ContentAccessDenied 201.
2025-07-02 05:13:31,452 [WARNING] [MainThread] [root/weather.py:544]: Error processing weather data: Weather data is empty.. Retrying fetch in 10 seconds.
2025-07-02 05:13:31,453 [WARNING] [MainThread] [root/weather.py:544]: Error processing weather data: Weather data is empty.. Retrying fetch in 10 seconds.
2025-07-02 05:13:31,454 [ERROR] [MainThread] [root/weather.py:77]: Weather response error: ContentAccessDenied 201.
2025-07-02 05:13:41,499 [ERROR] [MainThread] [root/weather.py:77]: Weather response error: ContentAccessDenied 201.
2025-07-02 05:13:41,499 [WARNING] [MainThread] [root/weather.py:544]: Error processing weather data: Weather data is empty.. Retrying fetch in 10 seconds.
2025-07-02 05:13:41,500 [WARNING] [MainThread] [root/weather.py:544]: Error processing weather data: Weather data is empty.. Retrying fetch in 10 seconds.
2025-07-02 05:13:41,501 [ERROR] [MainThread] [root/weather.py:77]: Weather response error: ContentAccessDenied 201.
2025-07-02 05:13:51,547 [ERROR] [MainThread] [root/weather.py:77]: Weather response error: ContentAccessDenied 201.
2025-07-02 05:13:51,547 [WARNING] [MainThread] [root/weather.py:544]: Error processing weather data: Weather data is empty.. Retrying fetch in 10 seconds.
2025-07-02 05:13:51,548 [WARNING] [MainThread] [root/weather.py:544]: Error processing weather data: Weather data is empty.. Retrying fetch in 10 seconds.
2025-07-02 05:13:51,552 [ERROR] [MainThread] [root/weather.py:77]: Weather response error: ContentAccessDenied 201.
2025-07-02 05:14:01,596 [ERROR] [MainThread] [root/weather.py:77]: Weather response error: ContentAccessDenied 201.
2025-07-02 05:14:01,596 [WARNING] [MainThread] [root/weather.py:544]: Error processing weather data: Weather data is empty.. Retrying fetch in 10 seconds.
2025-07-02 05:14:01,597 [WARNING] [MainThread] [root/weather.py:544]: Error processing weather data: Weather data is empty.. Retrying fetch in 10 seconds.
2025-07-02 05:14:01,598 [ERROR] [MainThread] [root/weather.py:77]: Weather response error: ContentAccessDenied 201.
2025-07-02 05:14:11,643 [ERROR] [MainThread] [root/weather.py:77]: Weather response error: ContentAccessDenied 201.
2025-07-02 05:14:11,643 [WARNING] [MainThread] [root/weather.py:544]: Error processing weather data: Weather data is empty.. Retrying fetch in 10 seconds.
2025-07-02 05:14:11,644 [WARNING] [MainThread] [root/weather.py:544]: Error processing weather data: Weather data is empty.. Retrying fetch in 10 seconds.
2025-07-02 05:14:11,647 [ERROR] [MainThread] [root/weather.py:77]: Weather response error: ContentAccessDenied 201.
2025-07-02 05:14:21,692 [ERROR] [MainThread] [root/weather.py:77]: Weather response error: ContentAccessDenied 201.
2025-07-02 05:14:21,692 [WARNING] [MainThread] [root/weather.py:544]: Error processing weather data: Weather data is empty.. Retrying fetch in 10 seconds.
2025-07-02 05:14:21,693 [WARNING] [MainThread] [root/weather.py:544]: Error processing weather data: Weather data is empty.. Retrying fetch in 10 seconds.
2025-07-02 05:14:21,704 [ERROR] [MainThread] [root/weather.py:77]: Weather response error: ContentAccessDenied 201.
2025-07-02 05:14:31,740 [ERROR] [MainThread] [root/weather.py:77]: Weather response error: ContentAccessDenied 201.
2025-07-02 05:14:31,740 [WARNING] [MainThread] [root/weather.py:544]: Error processing weather data: Weather data is empty.. Retrying fetch in 10 seconds.
2025-07-02 05:14:31,741 [WARNING] [MainThread] [root/weather.py:544]: Error processing weather data: Weather data is empty.. Retrying fetch in 10 seconds.
2025-07-02 05:14:31,753 [ERROR] [MainThread] [root/weather.py:77]: Weather response error: ContentAccessDenied 201.
2025-07-02 05:14:40,766 [DEBUG] [MainThread] [root/media.py:427]: Unknown source app in session: 'brave.exe' - consider adding to source_list
2025-07-02 05:14:41,779 [ERROR] [MainThread] [root/weather.py:77]: Weather response error: ContentAccessDenied 201.
2025-07-02 05:14:41,780 [WARNING] [MainThread] [root/weather.py:544]: Error processing weather data: Weather data is empty.. Retrying fetch in 10 seconds.
2025-07-02 05:14:41,781 [WARNING] [MainThread] [root/weather.py:544]: Error processing weather data: Weather data is empty.. Retrying fetch in 10 seconds.
2025-07-02 05:14:41,782 [ERROR] [MainThread] [root/weather.py:77]: Weather response error: ContentAccessDenied 201.
2025-07-02 05:14:51,826 [ERROR] [MainThread] [root/weather.py:77]: Weather response error: ContentAccessDenied 201.
2025-07-02 05:14:51,826 [WARNING] [MainThread] [root/weather.py:544]: Error processing weather data: Weather data is empty.. Retrying fetch in 10 seconds.
2025-07-02 05:14:51,827 [WARNING] [MainThread] [root/weather.py:544]: Error processing weather data: Weather data is empty.. Retrying fetch in 10 seconds.
2025-07-02 05:14:51,828 [ERROR] [MainThread] [root/weather.py:77]: Weather response error: ContentAccessDenied 201.
2025-07-02 05:15:01,158 [INFO] [MainThread] [root/controller.py:14]: Reloading Application from tray...
2025-07-02 05:15:01,258 [INFO] [MainThread] [cli_server/cli_server.py:112]: Log pipe server stopped
2025-07-02 05:15:01,258 [DEBUG] [MainThread] [cli_server/cli_server.py:206]: CLI server stopped
2025-07-02 05:15:01,288 [DEBUG] [MainThread] [qasync._windows._EventPoller/_windows.py:218]: Stopping worker thread...
2025-07-02 05:15:01,291 [DEBUG] [Dummy-8] [qasync._windows._EventWorker/_windows.py:201]: Exiting thread
2025-07-02 05:15:01,291 [DEBUG] [MainThread] [qasync._windows._IocpProactor/_windows.py:75]: Closing
2025-07-02 05:15:01,534 [INFO] [MainThread] [root/log.py:59]: YASB v1.7.6
2025-07-02 05:15:01,535 [INFO] [Thread-1 (_run_server)] [cli_server/cli_server.py:212]: CLI server started v1.1.2
2025-07-02 05:15:01,535 [INFO] [MainThread] [cli_server/cli_server.py:104]: Log pipe server started
2025-07-02 05:15:03,625 [DEBUG] [MainThread] [tzlocal/win32.py:55]: Looking up time zone info from registry
2025-07-02 05:15:03,690 [DEBUG] [MainThread] [comtypes/__init__.py:149]: CoInitializeEx(None, 2)
2025-07-02 05:15:03,813 [ERROR] [Dummy-4] [root/update_check.py:186]: Error in winget worker: Command '['winget', 'upgrade']' returned non-zero exit status 2316632130.
2025-07-02 05:15:04,664 [INFO] [MainThread] [root/bar_manager.py:70]: Starting SystemEventListener...
2025-07-02 05:15:04,664 [INFO] [MainThread] [root/watcher.py:54]: Created file watcher for path C:\Users\razva\.config\yasb
2025-07-02 05:15:04,808 [DEBUG] [MainThread] [qasync._windows._EventPoller/_windows.py:213]: Starting (proactor: <_IocpProactor overlapped#=0 result#=0>)...
2025-07-02 05:15:04,811 [DEBUG] [Dummy-8] [qasync._windows._EventWorker/_windows.py:192]: Thread started
2025-07-02 05:15:05,644 [ERROR] [MainThread] [root/weather.py:77]: Weather response error: ContentAccessDenied 201.
2025-07-02 05:15:05,645 [WARNING] [MainThread] [root/weather.py:544]: Error processing weather data: Weather data is empty.. Retrying fetch in 10 seconds.
2025-07-02 05:15:05,646 [WARNING] [MainThread] [root/weather.py:544]: Error processing weather data: Weather data is empty.. Retrying fetch in 10 seconds.
2025-07-02 05:15:15,689 [ERROR] [MainThread] [root/weather.py:77]: Weather response error: ContentAccessDenied 201.
2025-07-02 05:15:15,689 [WARNING] [MainThread] [root/weather.py:544]: Error processing weather data: Weather data is empty.. Retrying fetch in 10 seconds.
2025-07-02 05:15:15,690 [WARNING] [MainThread] [root/weather.py:544]: Error processing weather data: Weather data is empty.. Retrying fetch in 10 seconds.
2025-07-02 05:15:15,710 [ERROR] [MainThread] [root/weather.py:77]: Weather response error: ContentAccessDenied 201.
2025-07-02 05:15:25,737 [ERROR] [MainThread] [root/weather.py:77]: Weather response error: ContentAccessDenied 201.
2025-07-02 05:15:25,737 [WARNING] [MainThread] [root/weather.py:544]: Error processing weather data: Weather data is empty.. Retrying fetch in 10 seconds.
2025-07-02 05:15:25,738 [WARNING] [MainThread] [root/weather.py:544]: Error processing weather data: Weather data is empty.. Retrying fetch in 10 seconds.
2025-07-02 05:15:25,738 [ERROR] [MainThread] [root/weather.py:77]: Weather response error: ContentAccessDenied 201.
2025-07-02 05:15:35,785 [ERROR] [MainThread] [root/weather.py:77]: Weather response error: ContentAccessDenied 201.
2025-07-02 05:15:35,786 [WARNING] [MainThread] [root/weather.py:544]: Error processing weather data: Weather data is empty.. Retrying fetch in 10 seconds.
2025-07-02 05:15:35,786 [WARNING] [MainThread] [root/weather.py:544]: Error processing weather data: Weather data is empty.. Retrying fetch in 10 seconds.
2025-07-02 05:15:35,786 [ERROR] [MainThread] [root/weather.py:77]: Weather response error: ContentAccessDenied 201.
2025-07-02 05:15:45,823 [ERROR] [MainThread] [root/weather.py:77]: Weather response error: ContentAccessDenied 201.
2025-07-02 05:15:45,823 [WARNING] [MainThread] [root/weather.py:544]: Error processing weather data: Weather data is empty.. Retrying fetch in 10 seconds.
2025-07-02 05:15:45,824 [WARNING] [MainThread] [root/weather.py:544]: Error processing weather data: Weather data is empty.. Retrying fetch in 10 seconds.
2025-07-02 05:15:45,824 [ERROR] [MainThread] [root/weather.py:77]: Weather response error: ContentAccessDenied 201.
2025-07-02 05:15:55,873 [ERROR] [MainThread] [root/weather.py:77]: Weather response error: ContentAccessDenied 201.
2025-07-02 05:15:55,874 [WARNING] [MainThread] [root/weather.py:544]: Error processing weather data: Weather data is empty.. Retrying fetch in 10 seconds.
2025-07-02 05:15:55,874 [WARNING] [MainThread] [root/weather.py:544]: Error processing weather data: Weather data is empty.. Retrying fetch in 10 seconds.
2025-07-02 05:15:55,875 [ERROR] [MainThread] [root/weather.py:77]: Weather response error: ContentAccessDenied 201.
2025-07-02 05:16:05,920 [ERROR] [MainThread] [root/weather.py:77]: Weather response error: ContentAccessDenied 201.
2025-07-02 05:16:05,920 [WARNING] [MainThread] [root/weather.py:544]: Error processing weather data: Weather data is empty.. Retrying fetch in 10 seconds.
2025-07-02 05:16:05,921 [WARNING] [MainThread] [root/weather.py:544]: Error processing weather data: Weather data is empty.. Retrying fetch in 10 seconds.
2025-07-02 05:16:05,926 [ERROR] [MainThread] [root/weather.py:77]: Weather response error: ContentAccessDenied 201.
2025-07-02 05:16:10,500 [INFO] [MainThread] [root/controller.py:14]: Reloading Application because of config change.
2025-07-02 05:16:10,601 [INFO] [MainThread] [cli_server/cli_server.py:112]: Log pipe server stopped
2025-07-02 05:16:10,601 [DEBUG] [MainThread] [cli_server/cli_server.py:206]: CLI server stopped
2025-07-02 05:16:10,611 [INFO] [MainThread] [root/bar_manager.py:61]: Successfully loaded updated config and re-initialised all bars.
2025-07-02 05:16:10,611 [DEBUG] [MainThread] [qasync._windows._EventPoller/_windows.py:218]: Stopping worker thread...
2025-07-02 05:16:10,616 [DEBUG] [Dummy-8] [qasync._windows._EventWorker/_windows.py:201]: Exiting thread
2025-07-02 05:16:10,616 [DEBUG] [MainThread] [qasync._windows._IocpProactor/_windows.py:75]: Closing
2025-07-02 05:16:10,852 [INFO] [MainThread] [root/log.py:59]: YASB v1.7.6
2025-07-02 05:16:10,853 [INFO] [Thread-1 (_run_server)] [cli_server/cli_server.py:212]: CLI server started v1.1.2
2025-07-02 05:16:10,853 [INFO] [MainThread] [cli_server/cli_server.py:104]: Log pipe server started
2025-07-02 05:16:14,282 [DEBUG] [MainThread] [tzlocal/win32.py:55]: Looking up time zone info from registry
2025-07-02 05:16:14,345 [DEBUG] [MainThread] [comtypes/__init__.py:149]: CoInitializeEx(None, 2)
2025-07-02 05:16:14,483 [ERROR] [Dummy-4] [root/update_check.py:186]: Error in winget worker: Command '['winget', 'upgrade']' returned non-zero exit status 2316632130.
2025-07-02 05:16:14,802 [INFO] [MainThread] [root/bar_manager.py:70]: Starting SystemEventListener...
2025-07-02 05:16:14,802 [INFO] [MainThread] [root/watcher.py:54]: Created file watcher for path C:\Users\razva\.config\yasb
2025-07-02 05:16:14,885 [DEBUG] [MainThread] [qasync._windows._EventPoller/_windows.py:213]: Starting (proactor: <_IocpProactor overlapped#=0 result#=0>)...
2025-07-02 05:16:14,887 [DEBUG] [Dummy-8] [qasync._windows._EventWorker/_windows.py:192]: Thread started
2025-07-02 05:16:15,033 [ERROR] [MainThread] [root/weather.py:77]: Weather response error: ContentAccessDenied 201.
2025-07-02 05:16:15,034 [WARNING] [MainThread] [root/weather.py:544]: Error processing weather data: Weather data is empty.. Retrying fetch in 10 seconds.
2025-07-02 05:16:15,035 [WARNING] [MainThread] [root/weather.py:544]: Error processing weather data: Weather data is empty.. Retrying fetch in 10 seconds.
2025-07-02 05:16:25,084 [ERROR] [MainThread] [root/weather.py:77]: Weather response error: ContentAccessDenied 201.
2025-07-02 05:16:25,084 [WARNING] [MainThread] [root/weather.py:544]: Error processing weather data: Weather data is empty.. Retrying fetch in 10 seconds.
2025-07-02 05:16:25,085 [WARNING] [MainThread] [root/weather.py:544]: Error processing weather data: Weather data is empty.. Retrying fetch in 10 seconds.
2025-07-02 05:16:25,106 [ERROR] [MainThread] [root/weather.py:77]: Weather response error: ContentAccessDenied 201.
2025-07-02 05:16:27,336 [INFO] [MainThread] [root/controller.py:14]: Reloading Application because of config change.
2025-07-02 05:16:27,436 [INFO] [MainThread] [cli_server/cli_server.py:112]: Log pipe server stopped
2025-07-02 05:16:27,436 [DEBUG] [MainThread] [cli_server/cli_server.py:206]: CLI server stopped
2025-07-02 05:16:27,442 [INFO] [MainThread] [root/bar_manager.py:61]: Successfully loaded updated config and re-initialised all bars.
2025-07-02 05:16:27,442 [DEBUG] [MainThread] [qasync._windows._EventPoller/_windows.py:218]: Stopping worker thread...
2025-07-02 05:16:27,451 [DEBUG] [Dummy-8] [qasync._windows._EventWorker/_windows.py:201]: Exiting thread
2025-07-02 05:16:27,451 [DEBUG] [MainThread] [qasync._windows._IocpProactor/_windows.py:75]: Closing
2025-07-02 05:16:27,682 [INFO] [MainThread] [root/log.py:59]: YASB v1.7.6
2025-07-02 05:16:27,682 [INFO] [Thread-1 (_run_server)] [cli_server/cli_server.py:212]: CLI server started v1.1.2
2025-07-02 05:16:27,682 [INFO] [MainThread] [cli_server/cli_server.py:104]: Log pipe server started
2025-07-02 05:16:30,785 [DEBUG] [MainThread] [tzlocal/win32.py:55]: Looking up time zone info from registry
2025-07-02 05:16:30,847 [DEBUG] [MainThread] [comtypes/__init__.py:149]: CoInitializeEx(None, 2)
2025-07-02 05:16:30,987 [ERROR] [Dummy-4] [root/update_check.py:186]: Error in winget worker: Command '['winget', 'upgrade']' returned non-zero exit status 2316632130.
2025-07-02 05:16:31,706 [INFO] [MainThread] [root/bar_manager.py:70]: Starting SystemEventListener...
2025-07-02 05:16:31,707 [INFO] [MainThread] [root/watcher.py:54]: Created file watcher for path C:\Users\razva\.config\yasb
2025-07-02 05:16:31,849 [DEBUG] [MainThread] [qasync._windows._EventPoller/_windows.py:213]: Starting (proactor: <_IocpProactor overlapped#=0 result#=0>)...
2025-07-02 05:16:31,853 [DEBUG] [Dummy-8] [qasync._windows._EventWorker/_windows.py:192]: Thread started
2025-07-02 05:16:32,047 [ERROR] [MainThread] [root/weather.py:77]: Weather response error: ContentAccessDenied 201.
2025-07-02 05:16:32,047 [WARNING] [MainThread] [root/weather.py:544]: Error processing weather data: Weather data is empty.. Retrying fetch in 10 seconds.
2025-07-02 05:16:32,049 [WARNING] [MainThread] [root/weather.py:544]: Error processing weather data: Weather data is empty.. Retrying fetch in 10 seconds.
2025-07-02 05:16:42,094 [ERROR] [MainThread] [root/weather.py:77]: Weather response error: ContentAccessDenied 201.
2025-07-02 05:16:42,094 [WARNING] [MainThread] [root/weather.py:544]: Error processing weather data: Weather data is empty.. Retrying fetch in 10 seconds.
2025-07-02 05:16:42,095 [WARNING] [MainThread] [root/weather.py:544]: Error processing weather data: Weather data is empty.. Retrying fetch in 10 seconds.
2025-07-02 05:16:42,109 [ERROR] [MainThread] [root/weather.py:77]: Weather response error: ContentAccessDenied 201.
2025-07-02 05:16:49,276 [INFO] [MainThread] [root/controller.py:14]: Reloading Application because of config change.
2025-07-02 05:16:49,377 [INFO] [MainThread] [cli_server/cli_server.py:112]: Log pipe server stopped
2025-07-02 05:16:49,377 [DEBUG] [MainThread] [cli_server/cli_server.py:206]: CLI server stopped
2025-07-02 05:16:49,385 [INFO] [MainThread] [root/bar_manager.py:61]: Successfully loaded updated config and re-initialised all bars.
2025-07-02 05:16:49,385 [DEBUG] [MainThread] [qasync._windows._EventPoller/_windows.py:218]: Stopping worker thread...
2025-07-02 05:16:49,394 [DEBUG] [Dummy-8] [qasync._windows._EventWorker/_windows.py:201]: Exiting thread
2025-07-02 05:16:49,394 [DEBUG] [MainThread] [qasync._windows._IocpProactor/_windows.py:75]: Closing
2025-07-02 05:16:49,628 [INFO] [MainThread] [root/log.py:59]: YASB v1.7.6
2025-07-02 05:16:49,629 [INFO] [Thread-1 (_run_server)] [cli_server/cli_server.py:212]: CLI server started v1.1.2
2025-07-02 05:16:49,629 [INFO] [MainThread] [cli_server/cli_server.py:104]: Log pipe server started
2025-07-02 05:16:54,206 [DEBUG] [MainThread] [tzlocal/win32.py:55]: Looking up time zone info from registry
2025-07-02 05:16:54,269 [DEBUG] [MainThread] [comtypes/__init__.py:149]: CoInitializeEx(None, 2)
2025-07-02 05:16:54,385 [ERROR] [Dummy-4] [root/update_check.py:186]: Error in winget worker: Command '['winget', 'upgrade']' returned non-zero exit status 2316632130.
2025-07-02 05:16:55,270 [INFO] [MainThread] [root/bar_manager.py:70]: Starting SystemEventListener...
2025-07-02 05:16:55,271 [INFO] [MainThread] [root/watcher.py:54]: Created file watcher for path C:\Users\razva\.config\yasb
2025-07-02 05:16:55,424 [DEBUG] [MainThread] [qasync._windows._EventPoller/_windows.py:213]: Starting (proactor: <_IocpProactor overlapped#=0 result#=0>)...
2025-07-02 05:16:55,427 [DEBUG] [Dummy-8] [qasync._windows._EventWorker/_windows.py:192]: Thread started
2025-07-02 05:16:55,605 [ERROR] [MainThread] [root/weather.py:77]: Weather response error: ContentAccessDenied 201.
2025-07-02 05:16:55,606 [WARNING] [MainThread] [root/weather.py:544]: Error processing weather data: Weather data is empty.. Retrying fetch in 10 seconds.
2025-07-02 05:16:55,607 [WARNING] [MainThread] [root/weather.py:544]: Error processing weather data: Weather data is empty.. Retrying fetch in 10 seconds.
2025-07-02 05:17:01,188 [INFO] [MainThread] [root/controller.py:14]: Reloading Application because of config change.
2025-07-02 05:17:01,289 [INFO] [MainThread] [cli_server/cli_server.py:112]: Log pipe server stopped
2025-07-02 05:17:01,289 [DEBUG] [MainThread] [cli_server/cli_server.py:206]: CLI server stopped
2025-07-02 05:17:01,297 [INFO] [MainThread] [root/bar_manager.py:61]: Successfully loaded updated config and re-initialised all bars.
2025-07-02 05:17:01,297 [DEBUG] [MainThread] [qasync._windows._EventPoller/_windows.py:218]: Stopping worker thread...
2025-07-02 05:17:01,306 [DEBUG] [Dummy-8] [qasync._windows._EventWorker/_windows.py:201]: Exiting thread
2025-07-02 05:17:01,306 [DEBUG] [MainThread] [qasync._windows._IocpProactor/_windows.py:75]: Closing
2025-07-02 05:17:01,543 [INFO] [MainThread] [root/log.py:59]: YASB v1.7.6
2025-07-02 05:17:01,543 [INFO] [Thread-1 (_run_server)] [cli_server/cli_server.py:212]: CLI server started v1.1.2
2025-07-02 05:17:01,543 [INFO] [MainThread] [cli_server/cli_server.py:104]: Log pipe server started
2025-07-02 05:17:01,979 [DEBUG] [MainThread] [tzlocal/win32.py:55]: Looking up time zone info from registry
2025-07-02 05:17:02,041 [DEBUG] [MainThread] [comtypes/__init__.py:149]: CoInitializeEx(None, 2)
2025-07-02 05:17:02,191 [ERROR] [Dummy-4] [root/update_check.py:186]: Error in winget worker: Command '['winget', 'upgrade']' returned non-zero exit status 2316632130.
2025-07-02 05:17:02,927 [INFO] [MainThread] [root/bar_manager.py:70]: Starting SystemEventListener...
2025-07-02 05:17:02,928 [INFO] [MainThread] [root/watcher.py:54]: Created file watcher for path C:\Users\razva\.config\yasb
2025-07-02 05:17:03,102 [DEBUG] [MainThread] [qasync._windows._EventPoller/_windows.py:213]: Starting (proactor: <_IocpProactor overlapped#=0 result#=0>)...
2025-07-02 05:17:03,106 [DEBUG] [Dummy-8] [qasync._windows._EventWorker/_windows.py:192]: Thread started
2025-07-02 05:17:03,390 [ERROR] [MainThread] [root/weather.py:77]: Weather response error: ContentAccessDenied 201.
2025-07-02 05:17:03,390 [WARNING] [MainThread] [root/weather.py:544]: Error processing weather data: Weather data is empty.. Retrying fetch in 10 seconds.
2025-07-02 05:17:03,391 [WARNING] [MainThread] [root/weather.py:544]: Error processing weather data: Weather data is empty.. Retrying fetch in 10 seconds.
2025-07-02 05:17:12,716 [INFO] [MainThread] [root/controller.py:14]: Reloading Application because of config change.
2025-07-02 05:17:12,817 [INFO] [MainThread] [cli_server/cli_server.py:112]: Log pipe server stopped
2025-07-02 05:17:12,817 [DEBUG] [MainThread] [cli_server/cli_server.py:206]: CLI server stopped
2025-07-02 05:17:12,825 [INFO] [MainThread] [root/bar_manager.py:61]: Successfully loaded updated config and re-initialised all bars.
2025-07-02 05:17:12,825 [DEBUG] [MainThread] [qasync._windows._EventPoller/_windows.py:218]: Stopping worker thread...
2025-07-02 05:17:12,834 [DEBUG] [Dummy-8] [qasync._windows._EventWorker/_windows.py:201]: Exiting thread
2025-07-02 05:17:12,834 [DEBUG] [MainThread] [qasync._windows._IocpProactor/_windows.py:75]: Closing
2025-07-02 05:17:13,070 [INFO] [MainThread] [root/log.py:59]: YASB v1.7.6
2025-07-02 05:17:13,070 [INFO] [Thread-1 (_run_server)] [cli_server/cli_server.py:212]: CLI server started v1.1.2
2025-07-02 05:17:13,070 [INFO] [MainThread] [cli_server/cli_server.py:104]: Log pipe server started
2025-07-02 05:17:13,500 [DEBUG] [MainThread] [tzlocal/win32.py:55]: Looking up time zone info from registry
2025-07-02 05:17:13,563 [DEBUG] [MainThread] [comtypes/__init__.py:149]: CoInitializeEx(None, 2)
2025-07-02 05:17:13,717 [ERROR] [Dummy-4] [root/update_check.py:186]: Error in winget worker: Command '['winget', 'upgrade']' returned non-zero exit status 2316632130.
2025-07-02 05:17:14,423 [INFO] [MainThread] [root/bar_manager.py:70]: Starting SystemEventListener...
2025-07-02 05:17:14,424 [INFO] [MainThread] [root/watcher.py:54]: Created file watcher for path C:\Users\razva\.config\yasb
2025-07-02 05:17:14,594 [DEBUG] [MainThread] [qasync._windows._EventPoller/_windows.py:213]: Starting (proactor: <_IocpProactor overlapped#=0 result#=0>)...
2025-07-02 05:17:14,597 [DEBUG] [Dummy-8] [qasync._windows._EventWorker/_windows.py:192]: Thread started
2025-07-02 05:17:14,900 [ERROR] [MainThread] [root/weather.py:77]: Weather response error: ContentAccessDenied 201.
2025-07-02 05:17:14,900 [WARNING] [MainThread] [root/weather.py:544]: Error processing weather data: Weather data is empty.. Retrying fetch in 10 seconds.
2025-07-02 05:17:14,901 [WARNING] [MainThread] [root/weather.py:544]: Error processing weather data: Weather data is empty.. Retrying fetch in 10 seconds.
2025-07-02 05:17:17,095 [INFO] [MainThread] [root/controller.py:14]: Reloading Application because of config change.
2025-07-02 05:17:17,195 [INFO] [MainThread] [cli_server/cli_server.py:112]: Log pipe server stopped
2025-07-02 05:17:17,195 [DEBUG] [MainThread] [cli_server/cli_server.py:206]: CLI server stopped
2025-07-02 05:17:17,202 [INFO] [MainThread] [root/bar_manager.py:61]: Successfully loaded updated config and re-initialised all bars.
2025-07-02 05:17:17,202 [DEBUG] [MainThread] [qasync._windows._EventPoller/_windows.py:218]: Stopping worker thread...
2025-07-02 05:17:17,211 [DEBUG] [Dummy-8] [qasync._windows._EventWorker/_windows.py:201]: Exiting thread
2025-07-02 05:17:17,211 [DEBUG] [MainThread] [qasync._windows._IocpProactor/_windows.py:75]: Closing
2025-07-02 05:17:17,464 [INFO] [MainThread] [root/log.py:59]: YASB v1.7.6
2025-07-02 05:17:17,465 [INFO] [Thread-1 (_run_server)] [cli_server/cli_server.py:212]: CLI server started v1.1.2
2025-07-02 05:17:17,465 [INFO] [MainThread] [cli_server/cli_server.py:104]: Log pipe server started
2025-07-02 05:17:17,994 [DEBUG] [MainThread] [tzlocal/win32.py:55]: Looking up time zone info from registry
2025-07-02 05:17:18,060 [DEBUG] [MainThread] [comtypes/__init__.py:149]: CoInitializeEx(None, 2)
2025-07-02 05:17:18,200 [ERROR] [Dummy-4] [root/update_check.py:186]: Error in winget worker: Command '['winget', 'upgrade']' returned non-zero exit status 2316632130.
2025-07-02 05:17:18,883 [INFO] [MainThread] [root/bar_manager.py:70]: Starting SystemEventListener...
2025-07-02 05:17:18,884 [INFO] [MainThread] [root/watcher.py:54]: Created file watcher for path C:\Users\razva\.config\yasb
2025-07-02 05:17:19,059 [DEBUG] [MainThread] [qasync._windows._EventPoller/_windows.py:213]: Starting (proactor: <_IocpProactor overlapped#=0 result#=0>)...
2025-07-02 05:17:19,062 [DEBUG] [Dummy-8] [qasync._windows._EventWorker/_windows.py:192]: Thread started
2025-07-02 05:17:19,363 [ERROR] [MainThread] [root/weather.py:77]: Weather response error: ContentAccessDenied 201.
2025-07-02 05:17:19,363 [WARNING] [MainThread] [root/weather.py:544]: Error processing weather data: Weather data is empty.. Retrying fetch in 10 seconds.
2025-07-02 05:17:19,364 [WARNING] [MainThread] [root/weather.py:544]: Error processing weather data: Weather data is empty.. Retrying fetch in 10 seconds.
2025-07-02 05:17:25,984 [INFO] [MainThread] [root/controller.py:14]: Reloading Application because of config change.
2025-07-02 05:17:26,084 [INFO] [MainThread] [cli_server/cli_server.py:112]: Log pipe server stopped
2025-07-02 05:17:26,084 [DEBUG] [MainThread] [cli_server/cli_server.py:206]: CLI server stopped
2025-07-02 05:17:26,092 [INFO] [MainThread] [root/bar_manager.py:61]: Successfully loaded updated config and re-initialised all bars.
2025-07-02 05:17:26,092 [DEBUG] [MainThread] [qasync._windows._EventPoller/_windows.py:218]: Stopping worker thread...
2025-07-02 05:17:26,102 [DEBUG] [Dummy-8] [qasync._windows._EventWorker/_windows.py:201]: Exiting thread
2025-07-02 05:17:26,102 [DEBUG] [MainThread] [qasync._windows._IocpProactor/_windows.py:75]: Closing
2025-07-02 05:17:26,332 [INFO] [MainThread] [root/log.py:59]: YASB v1.7.6
2025-07-02 05:17:26,333 [INFO] [Thread-1 (_run_server)] [cli_server/cli_server.py:212]: CLI server started v1.1.2
2025-07-02 05:17:26,333 [INFO] [MainThread] [cli_server/cli_server.py:104]: Log pipe server started
2025-07-02 05:17:26,768 [DEBUG] [MainThread] [tzlocal/win32.py:55]: Looking up time zone info from registry
2025-07-02 05:17:26,831 [DEBUG] [MainThread] [comtypes/__init__.py:149]: CoInitializeEx(None, 2)
2025-07-02 05:17:26,981 [ERROR] [Dummy-4] [root/update_check.py:186]: Error in winget worker: Command '['winget', 'upgrade']' returned non-zero exit status 2316632130.
2025-07-02 05:17:27,732 [INFO] [MainThread] [root/bar_manager.py:70]: Starting SystemEventListener...
2025-07-02 05:17:27,732 [INFO] [MainThread] [root/watcher.py:54]: Created file watcher for path C:\Users\razva\.config\yasb
2025-07-02 05:17:27,822 [DEBUG] [MainThread] [qasync._windows._EventPoller/_windows.py:213]: Starting (proactor: <_IocpProactor overlapped#=0 result#=0>)...
2025-07-02 05:17:27,824 [DEBUG] [Dummy-8] [qasync._windows._EventWorker/_windows.py:192]: Thread started
2025-07-02 05:17:28,014 [ERROR] [MainThread] [root/weather.py:77]: Weather response error: ContentAccessDenied 201.
2025-07-02 05:17:28,015 [WARNING] [MainThread] [root/weather.py:544]: Error processing weather data: Weather data is empty.. Retrying fetch in 10 seconds.
2025-07-02 05:17:28,016 [WARNING] [MainThread] [root/weather.py:544]: Error processing weather data: Weather data is empty.. Retrying fetch in 10 seconds.
2025-07-02 05:17:33,669 [INFO] [MainThread] [root/controller.py:14]: Reloading Application because of config change.
2025-07-02 05:17:33,770 [INFO] [MainThread] [cli_server/cli_server.py:112]: Log pipe server stopped
2025-07-02 05:17:33,770 [DEBUG] [MainThread] [cli_server/cli_server.py:206]: CLI server stopped
2025-07-02 05:17:33,778 [INFO] [MainThread] [root/bar_manager.py:61]: Successfully loaded updated config and re-initialised all bars.
2025-07-02 05:17:33,778 [DEBUG] [MainThread] [qasync._windows._EventPoller/_windows.py:218]: Stopping worker thread...
2025-07-02 05:17:33,787 [DEBUG] [Dummy-8] [qasync._windows._EventWorker/_windows.py:201]: Exiting thread
2025-07-02 05:17:33,787 [DEBUG] [MainThread] [qasync._windows._IocpProactor/_windows.py:75]: Closing
2025-07-02 05:17:34,016 [INFO] [MainThread] [root/log.py:59]: YASB v1.7.6
2025-07-02 05:17:34,017 [INFO] [Thread-1 (_run_server)] [cli_server/cli_server.py:212]: CLI server started v1.1.2
2025-07-02 05:17:34,017 [INFO] [MainThread] [cli_server/cli_server.py:104]: Log pipe server started
2025-07-02 05:17:34,452 [DEBUG] [MainThread] [tzlocal/win32.py:55]: Looking up time zone info from registry
2025-07-02 05:17:34,515 [DEBUG] [MainThread] [comtypes/__init__.py:149]: CoInitializeEx(None, 2)
2025-07-02 05:17:34,663 [ERROR] [Dummy-4] [root/update_check.py:186]: Error in winget worker: Command '['winget', 'upgrade']' returned non-zero exit status 2316632130.
2025-07-02 05:17:35,437 [INFO] [MainThread] [root/bar_manager.py:70]: Starting SystemEventListener...
2025-07-02 05:17:35,437 [INFO] [MainThread] [root/watcher.py:54]: Created file watcher for path C:\Users\razva\.config\yasb
2025-07-02 05:17:35,515 [DEBUG] [MainThread] [qasync._windows._EventPoller/_windows.py:213]: Starting (proactor: <_IocpProactor overlapped#=0 result#=0>)...
2025-07-02 05:17:35,516 [DEBUG] [Dummy-8] [qasync._windows._EventWorker/_windows.py:192]: Thread started
2025-07-02 05:17:35,726 [ERROR] [MainThread] [root/weather.py:77]: Weather response error: ContentAccessDenied 201.
2025-07-02 05:17:35,727 [WARNING] [MainThread] [root/weather.py:544]: Error processing weather data: Weather data is empty.. Retrying fetch in 10 seconds.
2025-07-02 05:17:35,728 [WARNING] [MainThread] [root/weather.py:544]: Error processing weather data: Weather data is empty.. Retrying fetch in 10 seconds.
2025-07-02 05:17:45,771 [ERROR] [MainThread] [root/weather.py:77]: Weather response error: ContentAccessDenied 201.
2025-07-02 05:17:45,771 [WARNING] [MainThread] [root/weather.py:544]: Error processing weather data: Weather data is empty.. Retrying fetch in 10 seconds.
2025-07-02 05:17:45,772 [WARNING] [MainThread] [root/weather.py:544]: Error processing weather data: Weather data is empty.. Retrying fetch in 10 seconds.
2025-07-02 05:17:45,804 [ERROR] [MainThread] [root/weather.py:77]: Weather response error: ContentAccessDenied 201.
2025-07-02 05:17:55,813 [ERROR] [MainThread] [root/weather.py:77]: Weather response error: ContentAccessDenied 201.
2025-07-02 05:17:55,813 [WARNING] [MainThread] [root/weather.py:544]: Error processing weather data: Weather data is empty.. Retrying fetch in 10 seconds.
2025-07-02 05:17:55,813 [WARNING] [MainThread] [root/weather.py:544]: Error processing weather data: Weather data is empty.. Retrying fetch in 10 seconds.
2025-07-02 05:17:55,820 [ERROR] [MainThread] [root/weather.py:77]: Weather response error: ContentAccessDenied 201.
2025-07-02 05:17:56,307 [INFO] [MainThread] [root/controller.py:14]: Reloading Application because of config change.
2025-07-02 05:17:56,407 [INFO] [MainThread] [cli_server/cli_server.py:112]: Log pipe server stopped
2025-07-02 05:17:56,407 [DEBUG] [MainThread] [cli_server/cli_server.py:206]: CLI server stopped
2025-07-02 05:17:56,421 [INFO] [MainThread] [root/bar_manager.py:61]: Successfully loaded updated config and re-initialised all bars.
2025-07-02 05:17:56,421 [DEBUG] [MainThread] [qasync._windows._EventPoller/_windows.py:218]: Stopping worker thread...
2025-07-02 05:17:56,423 [DEBUG] [Dummy-8] [qasync._windows._EventWorker/_windows.py:201]: Exiting thread
2025-07-02 05:17:56,423 [DEBUG] [MainThread] [qasync._windows._IocpProactor/_windows.py:75]: Closing
2025-07-02 05:17:56,664 [INFO] [MainThread] [root/log.py:59]: YASB v1.7.6
2025-07-02 05:17:56,665 [INFO] [Thread-1 (_run_server)] [cli_server/cli_server.py:212]: CLI server started v1.1.2
2025-07-02 05:17:56,665 [INFO] [MainThread] [cli_server/cli_server.py:104]: Log pipe server started
2025-07-02 05:17:57,097 [DEBUG] [MainThread] [tzlocal/win32.py:55]: Looking up time zone info from registry
2025-07-02 05:17:57,160 [DEBUG] [MainThread] [comtypes/__init__.py:149]: CoInitializeEx(None, 2)
2025-07-02 05:17:57,311 [ERROR] [Dummy-4] [root/update_check.py:186]: Error in winget worker: Command '['winget', 'upgrade']' returned non-zero exit status 2316632130.
2025-07-02 05:17:58,084 [INFO] [MainThread] [root/bar_manager.py:70]: Starting SystemEventListener...
2025-07-02 05:17:58,084 [INFO] [MainThread] [root/watcher.py:54]: Created file watcher for path C:\Users\razva\.config\yasb
2025-07-02 05:17:58,174 [DEBUG] [MainThread] [qasync._windows._EventPoller/_windows.py:213]: Starting (proactor: <_IocpProactor overlapped#=0 result#=0>)...
2025-07-02 05:17:58,175 [DEBUG] [Dummy-8] [qasync._windows._EventWorker/_windows.py:192]: Thread started
2025-07-02 05:17:58,362 [ERROR] [MainThread] [root/weather.py:77]: Weather response error: ContentAccessDenied 201.
2025-07-02 05:17:58,362 [WARNING] [MainThread] [root/weather.py:544]: Error processing weather data: Weather data is empty.. Retrying fetch in 10 seconds.
2025-07-02 05:17:58,364 [WARNING] [MainThread] [root/weather.py:544]: Error processing weather data: Weather data is empty.. Retrying fetch in 10 seconds.
2025-07-02 05:18:08,408 [ERROR] [MainThread] [root/weather.py:77]: Weather response error: ContentAccessDenied 201.
2025-07-02 05:18:08,408 [WARNING] [MainThread] [root/weather.py:544]: Error processing weather data: Weather data is empty.. Retrying fetch in 10 seconds.
2025-07-02 05:18:08,408 [WARNING] [MainThread] [root/weather.py:544]: Error processing weather data: Weather data is empty.. Retrying fetch in 10 seconds.
2025-07-02 05:18:08,416 [ERROR] [MainThread] [root/weather.py:77]: Weather response error: ContentAccessDenied 201.
2025-07-02 05:18:10,701 [INFO] [MainThread] [root/controller.py:14]: Reloading Application because of config change.
2025-07-02 05:18:10,801 [INFO] [MainThread] [cli_server/cli_server.py:112]: Log pipe server stopped
2025-07-02 05:18:10,801 [DEBUG] [MainThread] [cli_server/cli_server.py:206]: CLI server stopped
2025-07-02 05:18:10,809 [INFO] [MainThread] [root/bar_manager.py:61]: Successfully loaded updated config and re-initialised all bars.
2025-07-02 05:18:10,809 [DEBUG] [MainThread] [qasync._windows._EventPoller/_windows.py:218]: Stopping worker thread...
2025-07-02 05:18:10,814 [DEBUG] [Dummy-8] [qasync._windows._EventWorker/_windows.py:201]: Exiting thread
2025-07-02 05:18:10,814 [DEBUG] [MainThread] [qasync._windows._IocpProactor/_windows.py:75]: Closing
2025-07-02 05:18:11,053 [INFO] [MainThread] [root/log.py:59]: YASB v1.7.6
2025-07-02 05:18:11,053 [INFO] [Thread-1 (_run_server)] [cli_server/cli_server.py:212]: CLI server started v1.1.2
2025-07-02 05:18:11,053 [INFO] [MainThread] [cli_server/cli_server.py:104]: Log pipe server started
2025-07-02 05:18:11,502 [DEBUG] [MainThread] [tzlocal/win32.py:55]: Looking up time zone info from registry
2025-07-02 05:18:11,564 [DEBUG] [MainThread] [comtypes/__init__.py:149]: CoInitializeEx(None, 2)
2025-07-02 05:18:11,692 [ERROR] [Dummy-4] [root/update_check.py:186]: Error in winget worker: Command '['winget', 'upgrade']' returned non-zero exit status 2316632130.
2025-07-02 05:18:12,464 [INFO] [MainThread] [root/bar_manager.py:70]: Starting SystemEventListener...
2025-07-02 05:18:12,465 [INFO] [MainThread] [root/watcher.py:54]: Created file watcher for path C:\Users\razva\.config\yasb
2025-07-02 05:18:12,605 [DEBUG] [MainThread] [qasync._windows._EventPoller/_windows.py:213]: Starting (proactor: <_IocpProactor overlapped#=0 result#=0>)...
2025-07-02 05:18:12,607 [DEBUG] [Dummy-8] [qasync._windows._EventWorker/_windows.py:192]: Thread started
2025-07-02 05:18:12,911 [ERROR] [MainThread] [root/weather.py:77]: Weather response error: ContentAccessDenied 201.
2025-07-02 05:18:12,912 [WARNING] [MainThread] [root/weather.py:544]: Error processing weather data: Weather data is empty.. Retrying fetch in 10 seconds.
2025-07-02 05:18:12,913 [WARNING] [MainThread] [root/weather.py:544]: Error processing weather data: Weather data is empty.. Retrying fetch in 10 seconds.
2025-07-02 05:18:22,957 [ERROR] [MainThread] [root/weather.py:77]: Weather response error: ContentAccessDenied 201.
2025-07-02 05:18:22,957 [WARNING] [MainThread] [root/weather.py:544]: Error processing weather data: Weather data is empty.. Retrying fetch in 10 seconds.
2025-07-02 05:18:22,958 [WARNING] [MainThread] [root/weather.py:544]: Error processing weather data: Weather data is empty.. Retrying fetch in 10 seconds.
2025-07-02 05:18:22,983 [ERROR] [MainThread] [root/weather.py:77]: Weather response error: ContentAccessDenied 201.
2025-07-02 05:18:33,010 [ERROR] [MainThread] [root/weather.py:77]: Weather response error: ContentAccessDenied 201.
2025-07-02 05:18:33,010 [WARNING] [MainThread] [root/weather.py:544]: Error processing weather data: Weather data is empty.. Retrying fetch in 10 seconds.
2025-07-02 05:18:33,010 [WARNING] [MainThread] [root/weather.py:544]: Error processing weather data: Weather data is empty.. Retrying fetch in 10 seconds.
2025-07-02 05:18:33,011 [ERROR] [MainThread] [root/weather.py:77]: Weather response error: ContentAccessDenied 201.
2025-07-02 05:18:40,921 [INFO] [MainThread] [root/controller.py:14]: Reloading Application because of config change.
2025-07-02 05:18:41,021 [INFO] [MainThread] [cli_server/cli_server.py:112]: Log pipe server stopped
2025-07-02 05:18:41,021 [DEBUG] [MainThread] [cli_server/cli_server.py:206]: CLI server stopped
2025-07-02 05:18:41,029 [INFO] [MainThread] [root/bar_manager.py:61]: Successfully loaded updated config and re-initialised all bars.
2025-07-02 05:18:41,029 [DEBUG] [MainThread] [qasync._windows._EventPoller/_windows.py:218]: Stopping worker thread...
2025-07-02 05:18:41,038 [DEBUG] [Dummy-8] [qasync._windows._EventWorker/_windows.py:201]: Exiting thread
2025-07-02 05:18:41,038 [DEBUG] [MainThread] [qasync._windows._IocpProactor/_windows.py:75]: Closing
2025-07-02 05:18:41,269 [INFO] [MainThread] [root/log.py:59]: YASB v1.7.6
2025-07-02 05:18:41,270 [INFO] [Thread-1 (_run_server)] [cli_server/cli_server.py:212]: CLI server started v1.1.2
2025-07-02 05:18:41,270 [INFO] [MainThread] [cli_server/cli_server.py:104]: Log pipe server started
2025-07-02 05:18:41,323 [WARNING] [MainThread] [root/bar_manager.py:97]: Screen '1' from config not found among connected screens.
2025-07-02 05:18:41,323 [WARNING] [MainThread] [root/bar_manager.py:111]: Screen '1' from config not found among connected screens.
2025-07-02 05:18:41,323 [INFO] [MainThread] [root/watcher.py:54]: Created file watcher for path C:\Users\razva\.config\yasb
2025-07-02 05:18:41,370 [DEBUG] [MainThread] [qasync._windows._EventPoller/_windows.py:213]: Starting (proactor: <_IocpProactor overlapped#=0 result#=0>)...
2025-07-02 05:18:41,370 [DEBUG] [Dummy-5] [qasync._windows._EventWorker/_windows.py:192]: Thread started
2025-07-02 05:19:03,839 [INFO] [MainThread] [root/controller.py:14]: Reloading Application from tray...
2025-07-02 05:19:03,940 [INFO] [MainThread] [cli_server/cli_server.py:112]: Log pipe server stopped
2025-07-02 05:19:03,940 [DEBUG] [MainThread] [cli_server/cli_server.py:206]: CLI server stopped
2025-07-02 05:19:03,947 [DEBUG] [MainThread] [qasync._windows._EventPoller/_windows.py:218]: Stopping worker thread...
2025-07-02 05:19:03,950 [DEBUG] [Dummy-5] [qasync._windows._EventWorker/_windows.py:201]: Exiting thread
2025-07-02 05:19:03,950 [DEBUG] [MainThread] [qasync._windows._IocpProactor/_windows.py:75]: Closing
2025-07-02 05:19:04,181 [INFO] [MainThread] [root/log.py:59]: YASB v1.7.6
2025-07-02 05:19:04,181 [INFO] [Thread-1 (_run_server)] [cli_server/cli_server.py:212]: CLI server started v1.1.2
2025-07-02 05:19:04,181 [INFO] [MainThread] [cli_server/cli_server.py:104]: Log pipe server started
2025-07-02 05:19:04,236 [WARNING] [MainThread] [root/bar_manager.py:97]: Screen '1' from config not found among connected screens.
2025-07-02 05:19:04,236 [WARNING] [MainThread] [root/bar_manager.py:111]: Screen '1' from config not found among connected screens.
2025-07-02 05:19:04,237 [INFO] [MainThread] [root/watcher.py:54]: Created file watcher for path C:\Users\razva\.config\yasb
2025-07-02 05:19:04,287 [DEBUG] [MainThread] [qasync._windows._EventPoller/_windows.py:213]: Starting (proactor: <_IocpProactor overlapped#=0 result#=0>)...
2025-07-02 05:19:04,287 [DEBUG] [Dummy-5] [qasync._windows._EventWorker/_windows.py:192]: Thread started
2025-07-02 05:19:14,415 [INFO] [MainThread] [root/controller.py:14]: Reloading Application because of config change.
2025-07-02 05:19:14,516 [INFO] [MainThread] [cli_server/cli_server.py:112]: Log pipe server stopped
2025-07-02 05:19:14,516 [DEBUG] [MainThread] [cli_server/cli_server.py:206]: CLI server stopped
2025-07-02 05:19:14,523 [INFO] [MainThread] [root/bar_manager.py:61]: Successfully loaded updated config and re-initialised all bars.
2025-07-02 05:19:14,523 [DEBUG] [MainThread] [qasync._windows._EventPoller/_windows.py:218]: Stopping worker thread...
2025-07-02 05:19:14,533 [DEBUG] [Dummy-5] [qasync._windows._EventWorker/_windows.py:201]: Exiting thread
2025-07-02 05:19:14,533 [DEBUG] [MainThread] [qasync._windows._IocpProactor/_windows.py:75]: Closing
2025-07-02 05:19:14,754 [INFO] [MainThread] [root/log.py:59]: YASB v1.7.6
2025-07-02 05:19:14,754 [INFO] [Thread-1 (_run_server)] [cli_server/cli_server.py:212]: CLI server started v1.1.2
2025-07-02 05:19:14,755 [INFO] [MainThread] [cli_server/cli_server.py:104]: Log pipe server started
2025-07-02 05:19:15,192 [DEBUG] [MainThread] [tzlocal/win32.py:55]: Looking up time zone info from registry
2025-07-02 05:19:15,256 [DEBUG] [MainThread] [comtypes/__init__.py:149]: CoInitializeEx(None, 2)
2025-07-02 05:19:15,409 [ERROR] [Dummy-4] [root/update_check.py:186]: Error in winget worker: Command '['winget', 'upgrade']' returned non-zero exit status 2316632130.
2025-07-02 05:19:15,787 [INFO] [MainThread] [root/bar_manager.py:70]: Starting SystemEventListener...
2025-07-02 05:19:15,787 [INFO] [MainThread] [root/watcher.py:54]: Created file watcher for path C:\Users\razva\.config\yasb
2025-07-02 05:19:15,981 [DEBUG] [MainThread] [qasync._windows._EventPoller/_windows.py:213]: Starting (proactor: <_IocpProactor overlapped#=0 result#=0>)...
2025-07-02 05:19:15,983 [DEBUG] [Dummy-8] [qasync._windows._EventWorker/_windows.py:192]: Thread started
2025-07-02 05:19:16,108 [ERROR] [MainThread] [root/weather.py:77]: Weather response error: ContentAccessDenied 201.
2025-07-02 05:19:16,108 [WARNING] [MainThread] [root/weather.py:544]: Error processing weather data: Weather data is empty.. Retrying fetch in 10 seconds.
2025-07-02 05:19:26,151 [ERROR] [MainThread] [root/weather.py:77]: Weather response error: ContentAccessDenied 201.
2025-07-02 05:19:26,151 [WARNING] [MainThread] [root/weather.py:544]: Error processing weather data: Weather data is empty.. Retrying fetch in 10 seconds.
2025-07-02 05:19:36,198 [ERROR] [MainThread] [root/weather.py:77]: Weather response error: ContentAccessDenied 201.
2025-07-02 05:19:36,199 [WARNING] [MainThread] [root/weather.py:544]: Error processing weather data: Weather data is empty.. Retrying fetch in 10 seconds.
2025-07-02 05:19:41,481 [INFO] [MainThread] [root/controller.py:14]: Reloading Application because of config change.
2025-07-02 05:19:41,583 [INFO] [MainThread] [cli_server/cli_server.py:112]: Log pipe server stopped
2025-07-02 05:19:41,583 [DEBUG] [MainThread] [cli_server/cli_server.py:206]: CLI server stopped
2025-07-02 05:19:41,590 [INFO] [MainThread] [root/bar_manager.py:61]: Successfully loaded updated config and re-initialised all bars.
2025-07-02 05:19:41,590 [DEBUG] [MainThread] [qasync._windows._EventPoller/_windows.py:218]: Stopping worker thread...
2025-07-02 05:19:41,599 [DEBUG] [Dummy-8] [qasync._windows._EventWorker/_windows.py:201]: Exiting thread
2025-07-02 05:19:41,599 [DEBUG] [MainThread] [qasync._windows._IocpProactor/_windows.py:75]: Closing
2025-07-02 05:19:41,827 [INFO] [MainThread] [root/log.py:59]: YASB v1.7.6
2025-07-02 05:19:41,827 [INFO] [Thread-1 (_run_server)] [cli_server/cli_server.py:212]: CLI server started v1.1.2
2025-07-02 05:19:41,827 [INFO] [MainThread] [cli_server/cli_server.py:104]: Log pipe server started
2025-07-02 05:19:42,265 [DEBUG] [MainThread] [tzlocal/win32.py:55]: Looking up time zone info from registry
2025-07-02 05:19:42,328 [DEBUG] [MainThread] [comtypes/__init__.py:149]: CoInitializeEx(None, 2)
2025-07-02 05:19:42,467 [ERROR] [Dummy-4] [root/update_check.py:186]: Error in winget worker: Command '['winget', 'upgrade']' returned non-zero exit status 2316632130.
2025-07-02 05:19:42,908 [INFO] [MainThread] [root/bar_manager.py:70]: Starting SystemEventListener...
2025-07-02 05:19:42,909 [INFO] [MainThread] [root/watcher.py:54]: Created file watcher for path C:\Users\razva\.config\yasb
2025-07-02 05:19:43,046 [DEBUG] [MainThread] [qasync._windows._EventPoller/_windows.py:213]: Starting (proactor: <_IocpProactor overlapped#=0 result#=0>)...
2025-07-02 05:19:43,048 [DEBUG] [Dummy-8] [qasync._windows._EventWorker/_windows.py:192]: Thread started
2025-07-02 05:19:43,199 [ERROR] [MainThread] [root/weather.py:77]: Weather response error: ContentAccessDenied 201.
2025-07-02 05:19:43,199 [WARNING] [MainThread] [root/weather.py:544]: Error processing weather data: Weather data is empty.. Retrying fetch in 10 seconds.
2025-07-02 05:19:51,650 [INFO] [MainThread] [root/controller.py:14]: Reloading Application because of config change.
2025-07-02 05:19:51,752 [INFO] [MainThread] [cli_server/cli_server.py:112]: Log pipe server stopped
2025-07-02 05:19:51,752 [DEBUG] [MainThread] [cli_server/cli_server.py:206]: CLI server stopped
2025-07-02 05:19:51,758 [INFO] [MainThread] [root/bar_manager.py:61]: Successfully loaded updated config and re-initialised all bars.
2025-07-02 05:19:51,759 [DEBUG] [MainThread] [qasync._windows._EventPoller/_windows.py:218]: Stopping worker thread...
2025-07-02 05:19:51,768 [DEBUG] [Dummy-8] [qasync._windows._EventWorker/_windows.py:201]: Exiting thread
2025-07-02 05:19:51,768 [DEBUG] [MainThread] [qasync._windows._IocpProactor/_windows.py:75]: Closing
2025-07-02 05:19:51,997 [INFO] [MainThread] [root/log.py:59]: YASB v1.7.6
2025-07-02 05:19:51,997 [INFO] [Thread-1 (_run_server)] [cli_server/cli_server.py:212]: CLI server started v1.1.2
2025-07-02 05:19:51,997 [INFO] [MainThread] [cli_server/cli_server.py:104]: Log pipe server started
2025-07-02 05:19:52,430 [DEBUG] [MainThread] [tzlocal/win32.py:55]: Looking up time zone info from registry
2025-07-02 05:19:52,492 [DEBUG] [MainThread] [comtypes/__init__.py:149]: CoInitializeEx(None, 2)
2025-07-02 05:19:52,638 [ERROR] [Dummy-4] [root/update_check.py:186]: Error in winget worker: Command '['winget', 'upgrade']' returned non-zero exit status 2316632130.
2025-07-02 05:19:53,101 [INFO] [MainThread] [root/bar_manager.py:70]: Starting SystemEventListener...
2025-07-02 05:19:53,102 [INFO] [MainThread] [root/watcher.py:54]: Created file watcher for path C:\Users\razva\.config\yasb
2025-07-02 05:19:53,224 [DEBUG] [MainThread] [qasync._windows._EventPoller/_windows.py:213]: Starting (proactor: <_IocpProactor overlapped#=0 result#=0>)...
2025-07-02 05:19:53,226 [DEBUG] [Dummy-8] [qasync._windows._EventWorker/_windows.py:192]: Thread started
2025-07-02 05:19:53,361 [ERROR] [MainThread] [root/weather.py:77]: Weather response error: ContentAccessDenied 201.
2025-07-02 05:19:53,361 [WARNING] [MainThread] [root/weather.py:544]: Error processing weather data: Weather data is empty.. Retrying fetch in 10 seconds.
2025-07-02 05:20:03,406 [ERROR] [MainThread] [root/weather.py:77]: Weather response error: ContentAccessDenied 201.
2025-07-02 05:20:03,406 [WARNING] [MainThread] [root/weather.py:544]: Error processing weather data: Weather data is empty.. Retrying fetch in 10 seconds.
2025-07-02 05:20:13,455 [ERROR] [MainThread] [root/weather.py:77]: Weather response error: ContentAccessDenied 201.
2025-07-02 05:20:13,455 [WARNING] [MainThread] [root/weather.py:544]: Error processing weather data: Weather data is empty.. Retrying fetch in 10 seconds.
2025-07-02 05:20:23,509 [ERROR] [MainThread] [root/weather.py:77]: Weather response error: ContentAccessDenied 201.
2025-07-02 05:20:23,509 [WARNING] [MainThread] [root/weather.py:544]: Error processing weather data: Weather data is empty.. Retrying fetch in 10 seconds.
2025-07-02 05:20:33,567 [ERROR] [MainThread] [root/weather.py:77]: Weather response error: ContentAccessDenied 201.
2025-07-02 05:20:33,568 [WARNING] [MainThread] [root/weather.py:544]: Error processing weather data: Weather data is empty.. Retrying fetch in 10 seconds.
2025-07-02 05:20:43,612 [ERROR] [MainThread] [root/weather.py:77]: Weather response error: ContentAccessDenied 201.
2025-07-02 05:20:43,612 [WARNING] [MainThread] [root/weather.py:544]: Error processing weather data: Weather data is empty.. Retrying fetch in 10 seconds.
2025-07-02 05:20:50,034 [INFO] [MainThread] [root/controller.py:14]: Reloading Application because of config change.
2025-07-02 05:20:50,134 [INFO] [MainThread] [cli_server/cli_server.py:112]: Log pipe server stopped
2025-07-02 05:20:50,134 [DEBUG] [MainThread] [cli_server/cli_server.py:206]: CLI server stopped
2025-07-02 05:20:50,141 [INFO] [MainThread] [root/bar_manager.py:61]: Successfully loaded updated config and re-initialised all bars.
2025-07-02 05:20:50,141 [DEBUG] [MainThread] [qasync._windows._EventPoller/_windows.py:218]: Stopping worker thread...
2025-07-02 05:20:50,150 [DEBUG] [Dummy-8] [qasync._windows._EventWorker/_windows.py:201]: Exiting thread
2025-07-02 05:20:50,150 [DEBUG] [MainThread] [qasync._windows._IocpProactor/_windows.py:75]: Closing
2025-07-02 05:20:50,379 [INFO] [MainThread] [root/log.py:59]: YASB v1.7.6
2025-07-02 05:20:50,380 [INFO] [Thread-1 (_run_server)] [cli_server/cli_server.py:212]: CLI server started v1.1.2
2025-07-02 05:20:50,380 [INFO] [MainThread] [cli_server/cli_server.py:104]: Log pipe server started
2025-07-02 05:20:50,799 [DEBUG] [MainThread] [tzlocal/win32.py:55]: Looking up time zone info from registry
2025-07-02 05:20:50,861 [DEBUG] [MainThread] [comtypes/__init__.py:149]: CoInitializeEx(None, 2)
2025-07-02 05:20:51,007 [ERROR] [Dummy-4] [root/update_check.py:186]: Error in winget worker: Command '['winget', 'upgrade']' returned non-zero exit status 2316632130.
2025-07-02 05:20:51,152 [INFO] [MainThread] [root/bar_manager.py:70]: Starting SystemEventListener...
2025-07-02 05:20:51,152 [INFO] [MainThread] [root/watcher.py:54]: Created file watcher for path C:\Users\razva\.config\yasb
2025-07-02 05:20:51,199 [DEBUG] [MainThread] [qasync._windows._EventPoller/_windows.py:213]: Starting (proactor: <_IocpProactor overlapped#=0 result#=0>)...
2025-07-02 05:20:51,200 [DEBUG] [Dummy-8] [qasync._windows._EventWorker/_windows.py:192]: Thread started
2025-07-02 05:20:51,319 [ERROR] [MainThread] [root/weather.py:77]: Weather response error: ContentAccessDenied 201.
2025-07-02 05:20:51,319 [WARNING] [MainThread] [root/weather.py:544]: Error processing weather data: Weather data is empty.. Retrying fetch in 10 seconds.
2025-07-02 05:21:01,360 [ERROR] [MainThread] [root/weather.py:77]: Weather response error: ContentAccessDenied 201.
2025-07-02 05:21:01,360 [WARNING] [MainThread] [root/weather.py:544]: Error processing weather data: Weather data is empty.. Retrying fetch in 10 seconds.
2025-07-02 05:21:11,404 [ERROR] [MainThread] [root/weather.py:77]: Weather response error: ContentAccessDenied 201.
2025-07-02 05:21:11,404 [WARNING] [MainThread] [root/weather.py:544]: Error processing weather data: Weather data is empty.. Retrying fetch in 10 seconds.
2025-07-02 05:21:21,453 [ERROR] [MainThread] [root/weather.py:77]: Weather response error: ContentAccessDenied 201.
2025-07-02 05:21:21,453 [WARNING] [MainThread] [root/weather.py:544]: Error processing weather data: Weather data is empty.. Retrying fetch in 10 seconds.
2025-07-02 05:21:31,500 [ERROR] [MainThread] [root/weather.py:77]: Weather response error: ContentAccessDenied 201.
2025-07-02 05:21:31,500 [WARNING] [MainThread] [root/weather.py:544]: Error processing weather data: Weather data is empty.. Retrying fetch in 10 seconds.
2025-07-02 05:21:41,552 [ERROR] [MainThread] [root/weather.py:77]: Weather response error: ContentAccessDenied 201.
2025-07-02 05:21:41,552 [WARNING] [MainThread] [root/weather.py:544]: Error processing weather data: Weather data is empty.. Retrying fetch in 10 seconds.
2025-07-02 05:21:51,597 [ERROR] [MainThread] [root/weather.py:77]: Weather response error: ContentAccessDenied 201.
2025-07-02 05:21:51,597 [WARNING] [MainThread] [root/weather.py:544]: Error processing weather data: Weather data is empty.. Retrying fetch in 10 seconds.
2025-07-02 05:22:01,642 [ERROR] [MainThread] [root/weather.py:77]: Weather response error: ContentAccessDenied 201.
2025-07-02 05:22:01,643 [WARNING] [MainThread] [root/weather.py:544]: Error processing weather data: Weather data is empty.. Retrying fetch in 10 seconds.
2025-07-02 05:22:11,692 [ERROR] [MainThread] [root/weather.py:77]: Weather response error: ContentAccessDenied 201.
2025-07-02 05:22:11,692 [WARNING] [MainThread] [root/weather.py:544]: Error processing weather data: Weather data is empty.. Retrying fetch in 10 seconds.
2025-07-02 05:22:21,733 [ERROR] [MainThread] [root/weather.py:77]: Weather response error: ContentAccessDenied 201.
2025-07-02 05:22:21,733 [WARNING] [MainThread] [root/weather.py:544]: Error processing weather data: Weather data is empty.. Retrying fetch in 10 seconds.
2025-07-02 05:22:31,779 [ERROR] [MainThread] [root/weather.py:77]: Weather response error: ContentAccessDenied 201.
2025-07-02 05:22:31,779 [WARNING] [MainThread] [root/weather.py:544]: Error processing weather data: Weather data is empty.. Retrying fetch in 10 seconds.
2025-07-02 05:22:39,040 [INFO] [MainThread] [root/controller.py:14]: Reloading Application because of config change.
2025-07-02 05:22:39,141 [INFO] [MainThread] [cli_server/cli_server.py:112]: Log pipe server stopped
2025-07-02 05:22:39,141 [DEBUG] [MainThread] [cli_server/cli_server.py:206]: CLI server stopped
2025-07-02 05:22:39,147 [INFO] [MainThread] [root/bar_manager.py:61]: Successfully loaded updated config and re-initialised all bars.
2025-07-02 05:22:39,147 [DEBUG] [MainThread] [qasync._windows._EventPoller/_windows.py:218]: Stopping worker thread...
2025-07-02 05:22:39,156 [DEBUG] [Dummy-8] [qasync._windows._EventWorker/_windows.py:201]: Exiting thread
2025-07-02 05:22:39,156 [DEBUG] [MainThread] [qasync._windows._IocpProactor/_windows.py:75]: Closing
2025-07-02 05:22:39,386 [INFO] [MainThread] [root/log.py:59]: YASB v1.7.6
2025-07-02 05:22:39,386 [INFO] [Thread-1 (_run_server)] [cli_server/cli_server.py:212]: CLI server started v1.1.2
2025-07-02 05:22:39,387 [INFO] [MainThread] [cli_server/cli_server.py:104]: Log pipe server started
2025-07-02 05:22:39,735 [DEBUG] [MainThread] [tzlocal/win32.py:55]: Looking up time zone info from registry
2025-07-02 05:22:39,838 [DEBUG] [MainThread] [comtypes/__init__.py:149]: CoInitializeEx(None, 2)
2025-07-02 05:22:40,003 [ERROR] [Dummy-4] [root/update_check.py:186]: Error in winget worker: Command '['winget', 'upgrade']' returned non-zero exit status 2316632130.
2025-07-02 05:22:40,119 [INFO] [MainThread] [root/bar_manager.py:70]: Starting SystemEventListener...
2025-07-02 05:22:40,120 [INFO] [MainThread] [root/watcher.py:54]: Created file watcher for path C:\Users\razva\.config\yasb
2025-07-02 05:22:40,166 [DEBUG] [MainThread] [qasync._windows._EventPoller/_windows.py:213]: Starting (proactor: <_IocpProactor overlapped#=0 result#=0>)...
2025-07-02 05:22:40,167 [DEBUG] [Dummy-8] [qasync._windows._EventWorker/_windows.py:192]: Thread started
2025-07-02 05:23:46,494 [INFO] [MainThread] [root/controller.py:14]: Reloading Application because of config change.
2025-07-02 05:23:46,595 [INFO] [MainThread] [cli_server/cli_server.py:112]: Log pipe server stopped
2025-07-02 05:23:46,595 [DEBUG] [MainThread] [cli_server/cli_server.py:206]: CLI server stopped
2025-07-02 05:23:46,602 [INFO] [MainThread] [root/bar_manager.py:61]: Successfully loaded updated config and re-initialised all bars.
2025-07-02 05:23:46,602 [DEBUG] [MainThread] [qasync._windows._EventPoller/_windows.py:218]: Stopping worker thread...
2025-07-02 05:23:46,611 [DEBUG] [Dummy-8] [qasync._windows._EventWorker/_windows.py:201]: Exiting thread
2025-07-02 05:23:46,611 [DEBUG] [MainThread] [qasync._windows._IocpProactor/_windows.py:75]: Closing
2025-07-02 05:23:46,853 [INFO] [MainThread] [root/log.py:59]: YASB v1.7.6
2025-07-02 05:23:46,854 [INFO] [Thread-1 (_run_server)] [cli_server/cli_server.py:212]: CLI server started v1.1.2
2025-07-02 05:23:46,854 [INFO] [MainThread] [cli_server/cli_server.py:104]: Log pipe server started
2025-07-02 05:23:47,196 [DEBUG] [MainThread] [tzlocal/win32.py:55]: Looking up time zone info from registry
2025-07-02 05:23:47,298 [DEBUG] [MainThread] [comtypes/__init__.py:149]: CoInitializeEx(None, 2)
2025-07-02 05:23:47,481 [ERROR] [Dummy-4] [root/update_check.py:186]: Error in winget worker: Command '['winget', 'upgrade']' returned non-zero exit status 2316632130.
2025-07-02 05:23:47,580 [INFO] [MainThread] [root/bar_manager.py:70]: Starting SystemEventListener...
2025-07-02 05:23:47,581 [INFO] [MainThread] [root/watcher.py:54]: Created file watcher for path C:\Users\razva\.config\yasb
2025-07-02 05:23:47,628 [DEBUG] [MainThread] [qasync._windows._EventPoller/_windows.py:213]: Starting (proactor: <_IocpProactor overlapped#=0 result#=0>)...
2025-07-02 05:23:47,629 [DEBUG] [Dummy-8] [qasync._windows._EventWorker/_windows.py:192]: Thread started
2025-07-02 05:29:58,054 [INFO] [MainThread] [root/utilities.py:111]: YASB added to startup
2025-07-02 05:30:01,777 [INFO] [MainThread] [root/controller.py:14]: Reloading Application from tray...
2025-07-02 05:30:01,878 [INFO] [MainThread] [cli_server/cli_server.py:112]: Log pipe server stopped
2025-07-02 05:30:01,878 [DEBUG] [MainThread] [cli_server/cli_server.py:206]: CLI server stopped
2025-07-02 05:30:01,896 [DEBUG] [MainThread] [qasync._windows._EventPoller/_windows.py:218]: Stopping worker thread...
2025-07-02 05:30:01,899 [DEBUG] [Dummy-8] [qasync._windows._EventWorker/_windows.py:201]: Exiting thread
2025-07-02 05:30:01,899 [DEBUG] [MainThread] [qasync._windows._IocpProactor/_windows.py:75]: Closing
2025-07-02 05:30:02,136 [INFO] [MainThread] [root/log.py:59]: YASB v1.7.6
2025-07-02 05:30:02,136 [INFO] [Thread-1 (_run_server)] [cli_server/cli_server.py:212]: CLI server started v1.1.2
2025-07-02 05:30:02,137 [INFO] [MainThread] [cli_server/cli_server.py:104]: Log pipe server started
2025-07-02 05:30:02,493 [DEBUG] [MainThread] [tzlocal/win32.py:55]: Looking up time zone info from registry
2025-07-02 05:30:02,595 [DEBUG] [MainThread] [comtypes/__init__.py:149]: CoInitializeEx(None, 2)
2025-07-02 05:30:02,879 [INFO] [MainThread] [root/bar_manager.py:70]: Starting SystemEventListener...
2025-07-02 05:30:02,880 [INFO] [MainThread] [root/watcher.py:54]: Created file watcher for path C:\Users\razva\.config\yasb
2025-07-02 05:30:02,928 [DEBUG] [MainThread] [qasync._windows._EventPoller/_windows.py:213]: Starting (proactor: <_IocpProactor overlapped#=0 result#=0>)...
2025-07-02 05:30:02,929 [DEBUG] [Dummy-8] [qasync._windows._EventWorker/_windows.py:192]: Thread started
2025-07-02 05:30:03,972 [ERROR] [Dummy-4] [root/update_check.py:186]: Error in winget worker: Command '['winget', 'upgrade']' returned non-zero exit status 2316632130.
2025-07-02 05:35:43,317 [INFO] [MainThread] [root/controller.py:14]: Reloading Application because of config change.
2025-07-02 05:35:43,417 [INFO] [MainThread] [cli_server/cli_server.py:112]: Log pipe server stopped
2025-07-02 05:35:43,417 [DEBUG] [MainThread] [cli_server/cli_server.py:206]: CLI server stopped
2025-07-02 05:35:43,428 [INFO] [MainThread] [root/bar_manager.py:61]: Successfully loaded updated config and re-initialised all bars.
2025-07-02 05:35:43,428 [DEBUG] [MainThread] [qasync._windows._EventPoller/_windows.py:218]: Stopping worker thread...
2025-07-02 05:35:43,432 [DEBUG] [Dummy-8] [qasync._windows._EventWorker/_windows.py:201]: Exiting thread
2025-07-02 05:35:43,432 [DEBUG] [MainThread] [qasync._windows._IocpProactor/_windows.py:75]: Closing
2025-07-02 05:35:43,670 [INFO] [MainThread] [root/log.py:59]: YASB v1.7.6
2025-07-02 05:35:43,671 [INFO] [Thread-1 (_run_server)] [cli_server/cli_server.py:212]: CLI server started v1.1.2
2025-07-02 05:35:43,671 [INFO] [MainThread] [cli_server/cli_server.py:104]: Log pipe server started
2025-07-02 05:35:44,012 [DEBUG] [MainThread] [tzlocal/win32.py:55]: Looking up time zone info from registry
2025-07-02 05:35:44,102 [WARNING] [MainThread] [root/widget_builder.py:40]: No widget config could be found for widget 'cava
2025-07-02 05:35:44,104 [DEBUG] [MainThread] [comtypes/__init__.py:149]: CoInitializeEx(None, 2)
2025-07-02 05:35:44,304 [ERROR] [Dummy-4] [root/update_check.py:186]: Error in winget worker: Command '['winget', 'upgrade']' returned non-zero exit status 2316632130.
2025-07-02 05:35:44,392 [INFO] [MainThread] [root/bar_manager.py:70]: Starting SystemEventListener...
2025-07-02 05:35:44,392 [ERROR] [MainThread] [root/widget_builder.py:79]: Failed to add undefined widget(s)  - The widget "cava" is undefined.
2025-07-02 05:36:29,657 [INFO] [MainThread] [root/log.py:59]: YASB v1.7.6
2025-07-02 05:36:29,657 [INFO] [Thread-1 (_run_server)] [cli_server/cli_server.py:212]: CLI server started v1.1.2
2025-07-02 05:36:29,657 [INFO] [MainThread] [cli_server/cli_server.py:104]: Log pipe server started
2025-07-02 05:36:30,024 [DEBUG] [MainThread] [tzlocal/win32.py:55]: Looking up time zone info from registry
2025-07-02 05:36:30,111 [WARNING] [MainThread] [root/widget_builder.py:40]: No widget config could be found for widget 'cava
2025-07-02 05:36:30,114 [DEBUG] [MainThread] [comtypes/__init__.py:149]: CoInitializeEx(None, 2)
2025-07-02 05:36:30,290 [ERROR] [Dummy-4] [root/update_check.py:186]: Error in winget worker: Command '['winget', 'upgrade']' returned non-zero exit status 2316632130.
2025-07-02 05:36:30,415 [INFO] [MainThread] [root/bar_manager.py:70]: Starting SystemEventListener...
2025-07-02 05:36:30,415 [ERROR] [MainThread] [root/widget_builder.py:79]: Failed to add undefined widget(s)  - The widget "cava" is undefined.
2025-07-02 05:36:52,188 [INFO] [MainThread] [root/log.py:59]: YASB v1.7.6
2025-07-02 05:36:52,188 [INFO] [Thread-1 (_run_server)] [cli_server/cli_server.py:212]: CLI server started v1.1.2
2025-07-02 05:36:52,188 [INFO] [MainThread] [cli_server/cli_server.py:104]: Log pipe server started
2025-07-02 05:36:52,535 [DEBUG] [MainThread] [tzlocal/win32.py:55]: Looking up time zone info from registry
2025-07-02 05:36:52,622 [WARNING] [MainThread] [root/widget_builder.py:40]: No widget config could be found for widget 'cava
2025-07-02 05:36:52,625 [DEBUG] [MainThread] [comtypes/__init__.py:149]: CoInitializeEx(None, 2)
2025-07-02 05:36:52,797 [ERROR] [Dummy-4] [root/update_check.py:186]: Error in winget worker: Command '['winget', 'upgrade']' returned non-zero exit status 2316632130.
2025-07-02 05:36:52,896 [INFO] [MainThread] [root/bar_manager.py:70]: Starting SystemEventListener...
2025-07-02 05:36:52,897 [ERROR] [MainThread] [root/widget_builder.py:79]: Failed to add undefined widget(s)  - The widget "cava" is undefined.
2025-07-02 05:37:06,756 [INFO] [MainThread] [root/log.py:59]: YASB v1.7.6
2025-07-02 05:37:06,757 [INFO] [Thread-1 (_run_server)] [cli_server/cli_server.py:212]: CLI server started v1.1.2
2025-07-02 05:37:06,757 [INFO] [MainThread] [cli_server/cli_server.py:104]: Log pipe server started
2025-07-02 05:37:07,091 [DEBUG] [MainThread] [tzlocal/win32.py:55]: Looking up time zone info from registry
2025-07-02 05:37:07,191 [DEBUG] [MainThread] [comtypes/__init__.py:149]: CoInitializeEx(None, 2)
2025-07-02 05:37:07,371 [ERROR] [Dummy-4] [root/update_check.py:186]: Error in winget worker: Command '['winget', 'upgrade']' returned non-zero exit status 2316632130.
2025-07-02 05:37:07,461 [INFO] [MainThread] [root/bar_manager.py:70]: Starting SystemEventListener...
2025-07-02 05:37:07,461 [INFO] [MainThread] [root/watcher.py:54]: Created file watcher for path C:\Users\razva\.config\yasb
2025-07-02 05:37:07,507 [DEBUG] [MainThread] [qasync._windows._EventPoller/_windows.py:213]: Starting (proactor: <_IocpProactor overlapped#=0 result#=0>)...
2025-07-02 05:37:07,507 [DEBUG] [Dummy-8] [qasync._windows._EventWorker/_windows.py:192]: Thread started
2025-07-02 05:38:49,116 [INFO] [MainThread] [root/controller.py:14]: Reloading Application because of config change.
2025-07-02 05:38:49,216 [INFO] [MainThread] [cli_server/cli_server.py:112]: Log pipe server stopped
2025-07-02 05:38:49,217 [DEBUG] [MainThread] [cli_server/cli_server.py:206]: CLI server stopped
2025-07-02 05:38:49,223 [INFO] [MainThread] [root/bar_manager.py:61]: Successfully loaded updated config and re-initialised all bars.
2025-07-02 05:38:49,223 [DEBUG] [MainThread] [qasync._windows._EventPoller/_windows.py:218]: Stopping worker thread...
2025-07-02 05:38:49,232 [DEBUG] [Dummy-8] [qasync._windows._EventWorker/_windows.py:201]: Exiting thread
2025-07-02 05:38:49,232 [DEBUG] [MainThread] [qasync._windows._IocpProactor/_windows.py:75]: Closing
2025-07-02 05:38:49,453 [INFO] [MainThread] [root/log.py:59]: YASB v1.7.6
2025-07-02 05:38:49,453 [INFO] [Thread-1 (_run_server)] [cli_server/cli_server.py:212]: CLI server started v1.1.2
2025-07-02 05:38:49,454 [INFO] [MainThread] [cli_server/cli_server.py:104]: Log pipe server started
2025-07-02 05:38:49,783 [DEBUG] [MainThread] [tzlocal/win32.py:55]: Looking up time zone info from registry
2025-07-02 05:38:49,871 [DEBUG] [MainThread] [comtypes/__init__.py:149]: CoInitializeEx(None, 2)
2025-07-02 05:38:50,067 [ERROR] [Dummy-4] [root/update_check.py:186]: Error in winget worker: Command '['winget', 'upgrade']' returned non-zero exit status 2316632130.
2025-07-02 05:38:50,149 [INFO] [MainThread] [root/bar_manager.py:70]: Starting SystemEventListener...
2025-07-02 05:38:50,150 [INFO] [MainThread] [root/watcher.py:54]: Created file watcher for path C:\Users\razva\.config\yasb
2025-07-02 05:38:50,193 [DEBUG] [MainThread] [qasync._windows._EventPoller/_windows.py:213]: Starting (proactor: <_IocpProactor overlapped#=0 result#=0>)...
2025-07-02 05:38:50,194 [DEBUG] [Dummy-8] [qasync._windows._EventWorker/_windows.py:192]: Thread started
2025-07-02 05:39:29,979 [ERROR] [MainThread] [root/bar_manager.py:53]: Error loading config: while scanning for the next token
found character '\t' that cannot start any token
  in "C:\Users\razva\.config\yasb\config.yaml", line 54, column 1
2025-07-02 08:02:37,125 [INFO] [MainThread] [root/log.py:59]: YASB v1.7.6
2025-07-02 08:02:37,126 [INFO] [Thread-1 (_run_server)] [cli_server/cli_server.py:212]: CLI server started v1.1.2
2025-07-02 08:02:37,126 [INFO] [MainThread] [cli_server/cli_server.py:104]: Log pipe server started
2025-07-02 08:02:37,722 [DEBUG] [MainThread] [tzlocal/win32.py:55]: Looking up time zone info from registry
2025-07-02 08:02:37,985 [DEBUG] [MainThread] [comtypes/__init__.py:149]: CoInitializeEx(None, 2)
2025-07-02 08:02:38,731 [INFO] [MainThread] [root/bar_manager.py:70]: Starting SystemEventListener...
2025-07-02 08:02:38,731 [INFO] [MainThread] [root/watcher.py:54]: Created file watcher for path C:\Users\razva\.config\yasb
2025-07-02 08:02:38,792 [DEBUG] [MainThread] [qasync._windows._EventPoller/_windows.py:213]: Starting (proactor: <_IocpProactor overlapped#=0 result#=0>)...
2025-07-02 08:02:38,793 [DEBUG] [Dummy-8] [qasync._windows._EventWorker/_windows.py:192]: Thread started
2025-07-02 22:05:19,503 [INFO] [MainThread] [root/log.py:59]: YASB v1.7.6
2025-07-02 22:05:19,505 [INFO] [Thread-1 (_run_server)] [cli_server/cli_server.py:212]: CLI server started v1.1.2
2025-07-02 22:05:19,506 [INFO] [MainThread] [cli_server/cli_server.py:104]: Log pipe server started
2025-07-02 22:05:21,602 [DEBUG] [MainThread] [tzlocal/win32.py:55]: Looking up time zone info from registry
2025-07-02 22:05:25,372 [DEBUG] [MainThread] [comtypes/__init__.py:149]: CoInitializeEx(None, 2)
2025-07-02 22:05:30,192 [INFO] [MainThread] [root/bar_manager.py:70]: Starting SystemEventListener...
2025-07-02 22:05:30,193 [INFO] [MainThread] [root/watcher.py:54]: Created file watcher for path C:\Users\razva\.config\yasb
2025-07-02 22:05:30,267 [DEBUG] [MainThread] [qasync._windows._EventPoller/_windows.py:213]: Starting (proactor: <_IocpProactor overlapped#=0 result#=0>)...
2025-07-02 22:05:30,268 [DEBUG] [Dummy-8] [qasync._windows._EventWorker/_windows.py:192]: Thread started
2025-07-03 02:26:00,716 [INFO] [MainThread] [root/log.py:59]: YASB v1.7.6
2025-07-03 02:26:00,717 [INFO] [Thread-1 (_run_server)] [cli_server/cli_server.py:212]: CLI server started v1.1.2
2025-07-03 02:26:00,718 [INFO] [MainThread] [cli_server/cli_server.py:104]: Log pipe server started
2025-07-03 02:26:03,277 [DEBUG] [MainThread] [tzlocal/win32.py:55]: Looking up time zone info from registry
2025-07-03 02:26:11,665 [DEBUG] [MainThread] [comtypes/__init__.py:149]: CoInitializeEx(None, 2)
2025-07-03 02:26:14,168 [INFO] [MainThread] [root/bar_manager.py:70]: Starting SystemEventListener...
2025-07-03 02:26:14,168 [INFO] [MainThread] [root/watcher.py:54]: Created file watcher for path C:\Users\razva\.config\yasb
2025-07-03 02:26:14,272 [DEBUG] [MainThread] [qasync._windows._EventPoller/_windows.py:213]: Starting (proactor: <_IocpProactor overlapped#=0 result#=0>)...
2025-07-03 02:26:14,278 [DEBUG] [Dummy-8] [qasync._windows._EventWorker/_windows.py:192]: Thread started
2025-07-03 09:46:05,374 [INFO] [MainThread] [root/controller.py:14]: Reloading Application from tray...
2025-07-03 09:46:05,475 [INFO] [MainThread] [cli_server/cli_server.py:112]: Log pipe server stopped
2025-07-03 09:46:05,475 [DEBUG] [MainThread] [cli_server/cli_server.py:206]: CLI server stopped
2025-07-03 09:46:05,501 [DEBUG] [MainThread] [qasync._windows._EventPoller/_windows.py:218]: Stopping worker thread...
2025-07-03 09:46:05,509 [DEBUG] [Dummy-8] [qasync._windows._EventWorker/_windows.py:201]: Exiting thread
2025-07-03 09:46:05,510 [DEBUG] [MainThread] [qasync._windows._IocpProactor/_windows.py:75]: Closing
2025-07-03 09:46:06,630 [INFO] [MainThread] [root/log.py:59]: YASB v1.7.6
2025-07-03 09:46:06,631 [INFO] [Thread-1 (_run_server)] [cli_server/cli_server.py:212]: CLI server started v1.1.2
2025-07-03 09:46:06,631 [INFO] [MainThread] [cli_server/cli_server.py:104]: Log pipe server started
2025-07-03 09:46:07,514 [DEBUG] [MainThread] [tzlocal/win32.py:55]: Looking up time zone info from registry
2025-07-03 09:46:09,957 [DEBUG] [MainThread] [comtypes/__init__.py:149]: CoInitializeEx(None, 2)
2025-07-03 09:46:10,583 [INFO] [MainThread] [root/bar_manager.py:70]: Starting SystemEventListener...
2025-07-03 09:46:10,584 [INFO] [MainThread] [root/watcher.py:54]: Created file watcher for path C:\Users\razva\.config\yasb
2025-07-03 09:46:10,633 [DEBUG] [MainThread] [qasync._windows._EventPoller/_windows.py:213]: Starting (proactor: <_IocpProactor overlapped#=0 result#=0>)...
2025-07-03 09:46:10,634 [DEBUG] [Dummy-8] [qasync._windows._EventWorker/_windows.py:192]: Thread started
